<?xml version="1.0" encoding="UTF-8"?>
<testsuite name="com.hs.test.zipkin.CustomerServiceSpec" tests="2" skipped="0" failures="0" errors="0" timestamp="2018-11-06T10:10:33" hostname="Harshas-MBP" time="0.242">
  <properties/>
  <testcase name="testSavingCustomer" classname="com.hs.test.zipkin.CustomerServiceSpec" time="0.22"/>
  <testcase name="testCustomerCreation" classname="com.hs.test.zipkin.CustomerServiceSpec" time="0.021"/>
  <system-out><![CDATA[18:10:25.941 [Test worker] DEBUG org.springframework.test.context.junit4.SpringJUnit4ClassRunner - SpringJUnit4ClassRunner constructor called with [class com.hs.test.zipkin.CustomerServiceSpec]
18:10:25.950 [Test worker] DEBUG org.springframework.test.context.BootstrapUtils - Instantiating CacheAwareContextLoaderDelegate from class [org.springframework.test.context.cache.DefaultCacheAwareContextLoaderDelegate]
18:10:25.960 [Test worker] DEBUG org.springframework.test.context.BootstrapUtils - Instantiating BootstrapContext using constructor [public org.springframework.test.context.support.DefaultBootstrapContext(java.lang.Class,org.springframework.test.context.CacheAwareContextLoaderDelegate)]
18:10:25.985 [Test worker] DEBUG org.springframework.test.context.BootstrapUtils - Instantiating TestContextBootstrapper for test class [com.hs.test.zipkin.CustomerServiceSpec] from class [org.springframework.boot.test.context.SpringBootTestContextBootstrapper]
18:10:25.999 [Test worker] INFO org.springframework.boot.test.context.SpringBootTestContextBootstrapper - Neither @ContextConfiguration nor @ContextHierarchy found for test class [com.hs.test.zipkin.CustomerServiceSpec], using SpringBootContextLoader
18:10:26.002 [Test worker] DEBUG org.springframework.test.context.support.AbstractContextLoader - Did not detect default resource location for test class [com.hs.test.zipkin.CustomerServiceSpec]: class path resource [com/hs/test/zipkin/CustomerServiceSpec-context.xml] does not exist
18:10:26.003 [Test worker] DEBUG org.springframework.test.context.support.AbstractContextLoader - Did not detect default resource location for test class [com.hs.test.zipkin.CustomerServiceSpec]: class path resource [com/hs/test/zipkin/CustomerServiceSpecContext.groovy] does not exist
18:10:26.003 [Test worker] INFO org.springframework.test.context.support.AbstractContextLoader - Could not detect default resource locations for test class [com.hs.test.zipkin.CustomerServiceSpec]: no resource found for suffixes {-context.xml, Context.groovy}.
18:10:26.004 [Test worker] INFO org.springframework.test.context.support.AnnotationConfigContextLoaderUtils - Could not detect default configuration classes for test class [com.hs.test.zipkin.CustomerServiceSpec]: CustomerServiceSpec does not declare any static, non-private, non-final, nested classes annotated with @Configuration.
18:10:26.055 [Test worker] DEBUG org.springframework.test.context.support.ActiveProfilesUtils - Could not find an 'annotation declaring class' for annotation type [org.springframework.test.context.ActiveProfiles] and class [com.hs.test.zipkin.CustomerServiceSpec]
18:10:26.063 [Test worker] DEBUG org.springframework.core.env.StandardEnvironment - Adding PropertySource 'systemProperties' with lowest search precedence
18:10:26.063 [Test worker] DEBUG org.springframework.core.env.StandardEnvironment - Adding PropertySource 'systemEnvironment' with lowest search precedence
18:10:26.064 [Test worker] DEBUG org.springframework.core.env.StandardEnvironment - Initialized StandardEnvironment with PropertySources [MapPropertySource@725301162 {name='systemProperties', properties={java.runtime.name=Java(TM) SE Runtime Environment, sun.boot.library.path=/Library/Java/JavaVirtualMachines/jdk1.8.0_141.jdk/Contents/Home/jre/lib, java.vm.version=25.141-b15, gopherProxySet=false, java.vm.vendor=Oracle Corporation, java.vendor.url=http://java.oracle.com/, path.separator=:, java.vm.name=Java HotSpot(TM) 64-Bit Server VM, file.encoding.pkg=sun.io, sun.java.launcher=SUN_STANDARD, user.country=SG, sun.os.patch.level=unknown, java.vm.specification.name=Java Virtual Machine Specification, user.dir=/Users/harsha/projects/zipkin/service1, java.runtime.version=1.8.0_141-b15, java.awt.graphicsenv=sun.awt.CGraphicsEnvironment, java.endorsed.dirs=/Library/Java/JavaVirtualMachines/jdk1.8.0_141.jdk/Contents/Home/jre/lib/endorsed, os.arch=x86_64, java.io.tmpdir=/var/folders/fs/zjkqjj1s365_8xh65n574s3r0000gn/T/, line.separator=
, java.vm.specification.vendor=Oracle Corporation, user.variant=, os.name=Mac OS X, sun.jnu.encoding=UTF-8, java.library.path=/Users/harsha/Library/Java/Extensions:/Library/Java/Extensions:/Network/Library/Java/Extensions:/System/Library/Java/Extensions:/usr/lib/java:., java.specification.name=Java Platform API Specification, java.class.version=52.0, org.gradle.native=false, sun.management.compiler=HotSpot 64-Bit Tiered Compilers, os.version=10.12.6, http.nonProxyHosts=local|*.local|169.254/16|*.169.254/16, user.home=/Users/harsha, user.timezone=Asia/Singapore, java.awt.printerjob=sun.lwawt.macosx.CPrinterJob, file.encoding=UTF-8, java.specification.version=1.8, java.class.path=/Users/harsha/projects/zipkin/service1/build/classes/java/test:/Users/harsha/projects/zipkin/service1/build/resources/test:/Users/harsha/projects/zipkin/service1/build/classes/java/main:/Users/harsha/projects/zipkin/service1/build/resources/main:/Users/harsha/.gradle/caches/modules-2/files-2.1/org.springframework.boot/spring-boot-starter-web/2.0.6.RELEASE/e803fc341b450b2ce01734df12e5881b8e78c0a7/spring-boot-starter-web-2.0.6.RELEASE.jar:/Users/harsha/.gradle/caches/modules-2/files-2.1/org.springframework.cloud/spring-cloud-starter-zipkin/2.0.2.RELEASE/df0d766e5ec15f8be80dee75760595279e4c9dcb/spring-cloud-starter-zipkin-2.0.2.RELEASE.jar:/Users/harsha/.gradle/caches/modules-2/files-2.1/org.springframework.cloud/spring-cloud-starter-openfeign/2.0.2.RELEASE/c6c1b5451eef8b72006c4271d0d0374bd8e49d7e/spring-cloud-starter-openfeign-2.0.2.RELEASE.jar:/Users/harsha/.gradle/caches/modules-2/files-2.1/org.springframework.cloud/spring-cloud-starter-sleuth/2.0.2.RELEASE/67d4c0ccfc18d43636e044f89e7e8093e6b8c4df/spring-cloud-starter-sleuth-2.0.2.RELEASE.jar:/Users/harsha/.gradle/caches/modules-2/files-2.1/org.springframework.cloud/spring-cloud-contract-wiremock/2.0.2.RELEASE/2515d145a7a85be595f961c12eb4ac7034b19c17/spring-cloud-contract-wiremock-2.0.2.RELEASE.jar:/Users/harsha/.gradle/caches/modules-2/files-2.1/org.spockframework/spock-spring/1.0-groovy-2.4/a07c753a95114872cd753ce3ae9166b64284b31d/spock-spring-1.0-groovy-2.4.jar:/Users/harsha/.gradle/caches/modules-2/files-2.1/org.spockframework/spock-core/1.0-groovy-2.4/ceaa8b69f274ed3de24da3e6a6c86f673b426d1a/spock-core-1.0-groovy-2.4.jar:/Users/harsha/.gradle/caches/modules-2/files-2.1/org.springframework.boot/spring-boot-starter-test/2.0.6.RELEASE/f92fd015cfc9a9bd6ae653dca8d4ec5b83d4ba00/spring-boot-starter-test-2.0.6.RELEASE.jar:/Users/harsha/.gradle/caches/modules-2/files-2.1/org.springframework.boot/spring-boot-starter-json/2.0.6.RELEASE/1b3912af3eecdbbc6cda497acc7939f2ce21e39d/spring-boot-starter-json-2.0.6.RELEASE.jar:/Users/harsha/.gradle/caches/modules-2/files-2.1/org.springframework.cloud/spring-cloud-starter/2.0.2.RELEASE/a145c38492435b6ef53c145c4ba7177de65fbb46/spring-cloud-starter-2.0.2.RELEASE.jar:/Users/harsha/.gradle/caches/modules-2/files-2.1/org.springframework.cloud/spring-cloud-openfeign-core/2.0.2.RELEASE/5d44cbdb23fc90942b7c160b2ecbb9f96041614c/spring-cloud-openfeign-core-2.0.2.RELEASE.jar:/Users/harsha/.gradle/caches/modules-2/files-2.1/org.springframework.boot/spring-boot-starter-aop/2.0.6.RELEASE/f3db2e05267686fd97af5460a155bac4298fab4d/spring-boot-starter-aop-2.0.6.RELEASE.jar:/Users/harsha/.gradle/caches/modules-2/files-2.1/org.springframework.boot/spring-boot-starter/2.0.6.RELEASE/9d904a4387e076343a3478c32198ec7d9d633ff4/spring-boot-starter-2.0.6.RELEASE.jar:/Users/harsha/.gradle/caches/modules-2/files-2.1/org.springframework.boot/spring-boot-starter-tomcat/2.0.6.RELEASE/64b22bc3d0ba734532e7cbe941354985f2a86242/spring-boot-starter-tomcat-2.0.6.RELEASE.jar:/Users/harsha/.gradle/caches/modules-2/files-2.1/org.hibernate.validator/hibernate-validator/6.0.13.Final/af4232bf90ecd33c71147d67185dbb1cfe8f33df/hibernate-validator-6.0.13.Final.jar:/Users/harsha/.gradle/caches/modules-2/files-2.1/org.springframework/spring-webmvc/5.0.10.RELEASE/88a601321e2b4e3b84eed0909c24b9dd8e453b5f/spring-webmvc-5.0.10.RELEASE.jar:/Users/harsha/.gradle/caches/modules-2/files-2.1/org.springframework.cloud/spring-cloud-sleuth-zipkin/2.0.2.RELEASE/98e7ff13fb8eb322d8f852818201397a1c468796/spring-cloud-sleuth-zipkin-2.0.2.RELEASE.jar:/Users/harsha/.gradle/caches/modules-2/files-2.1/io.github.openfeign.form/feign-form-spring/3.3.0/1a7f573dc3192c5d7269bc2e45f03a3b220e4002/feign-form-spring-3.3.0.jar:/Users/harsha/.gradle/caches/modules-2/files-2.1/org.springframework/spring-web/5.0.10.RELEASE/fbaaa53ec99f45fd7aaf9125beeb5c3388cce088/spring-web-5.0.10.RELEASE.jar:/Users/harsha/.gradle/caches/modules-2/files-2.1/org.springframework.cloud/spring-cloud-sleuth-core/2.0.2.RELEASE/5a18b2a672864912a20de44e978df2f61c6abe/spring-cloud-sleuth-core-2.0.2.RELEASE.jar:/Users/harsha/.gradle/caches/modules-2/files-2.1/org.springframework.cloud/spring-cloud-commons/2.0.2.RELEASE/9a10d873baefa48b087370dc86aa59461b258591/spring-cloud-commons-2.0.2.RELEASE.jar:/Users/harsha/.gradle/caches/modules-2/files-2.1/io.github.openfeign/feign-slf4j/9.7.0/f74f4241746a93bf64a307ac75dd4f2c716d5ca1/feign-slf4j-9.7.0.jar:/Users/harsha/.gradle/caches/modules-2/files-2.1/io.github.openfeign/feign-hystrix/9.7.0/358d29c524b5725db4305e78e9b09fe9d02d2d2/feign-hystrix-9.7.0.jar:/Users/harsha/.gradle/caches/modules-2/files-2.1/io.github.openfeign/feign-java8/9.7.0/5895e69840bb46105e7eda7409a64c17a3c59167/feign-java8-9.7.0.jar:/Users/harsha/.gradle/caches/modules-2/files-2.1/io.github.openfeign/feign-core/9.7.0/ba4066f2db318768ad289746fc10709dbeaaaf07/feign-core-9.7.0.jar:/Users/harsha/.gradle/caches/modules-2/files-2.1/com.github.tomakehurst/wiremock-standalone/2.18.0/cf7776dc7a0176d4f4a990155d819279078859f9/wiremock-standalone-2.18.0.jar:/Users/harsha/.gradle/caches/modules-2/files-2.1/org.apache.httpcomponents/httpclient/4.5.6/1afe5621985efe90a92d0fbc9be86271efbe796f/httpclient-4.5.6.jar:/Users/harsha/.gradle/caches/modules-2/files-2.1/org.assertj/assertj-core/3.9.1/c5ce126b15f28d56cd8f960c1a6a058b9c9aea87/assertj-core-3.9.1.jar:/Users/harsha/.gradle/caches/modules-2/files-2.1/org.codehaus.groovy/groovy-all/2.4.15/423a17aeb2f64bc6f76e8e44265a548bec80fd42/groovy-all-2.4.15.jar:/Users/harsha/.gradle/caches/modules-2/files-2.1/junit/junit/4.12/2973d150c0dc1fefe998f834810d68f278ea58ec/junit-4.12.jar:/Users/harsha/.gradle/caches/modules-2/files-2.1/org.springframework.boot/spring-boot-test-autoconfigure/2.0.6.RELEASE/b0eb15474e795850dfa59b01ee6a83d7a39e3645/spring-boot-test-autoconfigure-2.0.6.RELEASE.jar:/Users/harsha/.gradle/caches/modules-2/files-2.1/org.springframework.boot/spring-boot-test/2.0.6.RELEASE/33a53ca6d55f35b3a89320c260262a5310ba8afc/spring-boot-test-2.0.6.RELEASE.jar:/Users/harsha/.gradle/caches/modules-2/files-2.1/com.jayway.jsonpath/json-path/2.4.0/765a4401ceb2dc8d40553c2075eb80a8fa35c2ae/json-path-2.4.0.jar:/Users/harsha/.gradle/caches/modules-2/files-2.1/org.mockito/mockito-core/2.15.0/b84bfbbc29cd22c9529409627af6ea2897f4fa85/mockito-core-2.15.0.jar:/Users/harsha/.gradle/caches/modules-2/files-2.1/org.hamcrest/hamcrest-library/1.3/4785a3c21320980282f9f33d0d1264a69040538f/hamcrest-library-1.3.jar:/Users/harsha/.gradle/caches/modules-2/files-2.1/org.hamcrest/hamcrest-core/1.3/42a25dc3219429f0e5d060061f71acb49bf010a0/hamcrest-core-1.3.jar:/Users/harsha/.gradle/caches/modules-2/files-2.1/org.skyscreamer/jsonassert/1.5.0/6c9d5fe2f59da598d9aefc1cfc6528ff3cf32df3/jsonassert-1.5.0.jar:/Users/harsha/.gradle/caches/modules-2/files-2.1/org.springframework/spring-test/5.0.10.RELEASE/1d2d272073f36c689c693ec3ec94d7ad7e136a2e/spring-test-5.0.10.RELEASE.jar:/Users/harsha/.gradle/caches/modules-2/files-2.1/org.springframework.boot/spring-boot-autoconfigure/2.0.6.RELEASE/e8c88fd703dbdf79f94178a5018ad67d1ecb1d0d/spring-boot-autoconfigure-2.0.6.RELEASE.jar:/Users/harsha/.gradle/caches/modules-2/files-2.1/org.springframework.boot/spring-boot/2.0.6.RELEASE/4d214b08bbc74f03d404e8fc862102334e0f73d1/spring-boot-2.0.6.RELEASE.jar:/Users/harsha/.gradle/caches/modules-2/files-2.1/org.springframework/spring-context/5.0.10.RELEASE/6f53de0618219fefc2aebf92ba175e6b33e14ce0/spring-context-5.0.10.RELEASE.jar:/Users/harsha/.gradle/caches/modules-2/files-2.1/org.springframework/spring-aop/5.0.10.RELEASE/da65874f61aef9c25db794f493e50683346d3056/spring-aop-5.0.10.RELEASE.jar:/Users/harsha/.gradle/caches/modules-2/files-2.1/org.springframework/spring-beans/5.0.10.RELEASE/8ec7da928082a123c50d5d70cd4b46382db27e8b/spring-beans-5.0.10.RELEASE.jar:/Users/harsha/.gradle/caches/modules-2/files-2.1/org.springframework/spring-expression/5.0.10.RELEASE/eaf8595e3bf18ef1aca1c233d9871552d258e38a/spring-expression-5.0.10.RELEASE.jar:/Users/harsha/.gradle/caches/modules-2/files-2.1/org.springframework/spring-core/5.0.10.RELEASE/cb270a60ceb573961588f511222984de64b4bc96/spring-core-5.0.10.RELEASE.jar:/Users/harsha/.gradle/caches/modules-2/files-2.1/org.xmlunit/xmlunit-core/2.5.1/4ffdb346572a7356f7521cd3119ce5287d2e339d/xmlunit-core-2.5.1.jar:/Users/harsha/.gradle/caches/modules-2/files-2.1/org.springframework.boot/spring-boot-starter-logging/2.0.6.RELEASE/a730d62c8eb80cdc95e5089e47570d24731cf5dd/spring-boot-starter-logging-2.0.6.RELEASE.jar:/Users/harsha/.gradle/caches/modules-2/files-2.1/javax.annotation/javax.annotation-api/1.3.2/934c04d3cfef185a8008e7bf34331b79730a9d43/javax.annotation-api-1.3.2.jar:/Users/harsha/.gradle/caches/modules-2/files-2.1/org.yaml/snakeyaml/1.19/2d998d3d674b172a588e54ab619854d073f555b5/snakeyaml-1.19.jar:/Users/harsha/.gradle/caches/modules-2/files-2.1/com.fasterxml.jackson.datatype/jackson-datatype-jdk8/2.9.7/98d8f190db07f97c64c0ea3af5792f718a6c2cc1/jackson-datatype-jdk8-2.9.7.jar:/Users/harsha/.gradle/caches/modules-2/files-2.1/com.fasterxml.jackson.datatype/jackson-datatype-jsr310/2.9.7/cbd919f1ce67533e07b98dd493247e8dbabc26b2/jackson-datatype-jsr310-2.9.7.jar:/Users/harsha/.gradle/caches/modules-2/files-2.1/com.fasterxml.jackson.module/jackson-module-parameter-names/2.9.7/f2bdd7696beffa2dbc5dc62cd24c3906a40ffcff/jackson-module-parameter-names-2.9.7.jar:/Users/harsha/.gradle/caches/modules-2/files-2.1/com.netflix.hystrix/hystrix-core/1.5.12/75379b6671fcaa9cec33035df684a68ec7741ca6/hystrix-core-1.5.12.jar:/Users/harsha/.gradle/caches/modules-2/files-2.1/com.netflix.archaius/archaius-core/0.7.6/be0c1024d08ad68ec25f9f32b0e9df1ab7ecb45b/archaius-core-0.7.6.jar:/Users/harsha/.gradle/caches/modules-2/files-2.1/com.fasterxml.jackson.core/jackson-databind/2.9.7/e6faad47abd3179666e89068485a1b88a195ceb7/jackson-databind-2.9.7.jar:/Users/harsha/.gradle/caches/modules-2/files-2.1/org.apache.tomcat.embed/tomcat-embed-websocket/8.5.34/5f86906367c2540b21e6aeecc277d2ce9ec939b0/tomcat-embed-websocket-8.5.34.jar:/Users/harsha/.gradle/caches/modules-2/files-2.1/org.apache.tomcat.embed/tomcat-embed-core/8.5.34/a038040d68a90397f95dd1e11b979fe364a5000f/tomcat-embed-core-8.5.34.jar:/Users/harsha/.gradle/caches/modules-2/files-2.1/org.apache.tomcat.embed/tomcat-embed-el/8.5.34/be71a9a5bdd001db7cf97c47429eec0bdd3b7b88/tomcat-embed-el-8.5.34.jar:/Users/harsha/.gradle/caches/modules-2/files-2.1/javax.validation/validation-api/2.0.1.Final/cb855558e6271b1b32e716d24cb85c7f583ce09e/validation-api-2.0.1.Final.jar:/Users/harsha/.gradle/caches/modules-2/files-2.1/org.jboss.logging/jboss-logging/3.3.2.Final/3789d00e859632e6c6206adc0c71625559e6e3b0/jboss-logging-3.3.2.Final.jar:/Users/harsha/.gradle/caches/modules-2/files-2.1/com.fasterxml/classmate/1.3.4/3d5f48f10bbe4eb7bd862f10c0583be2e0053c6/classmate-1.3.4.jar:/Users/harsha/.gradle/caches/modules-2/files-2.1/io.zipkin.reporter2/zipkin-sender-kafka11/2.7.10/9cfa29701028cde498b05c5a5ca1c1e9649e6a69/zipkin-sender-kafka11-2.7.10.jar:/Users/harsha/.gradle/caches/modules-2/files-2.1/io.zipkin.reporter2/zipkin-sender-amqp-client/2.7.10/c91636471e9b725f6d009e1c45d396a2a2c754a5/zipkin-sender-amqp-client-2.7.10.jar:/Users/harsha/.gradle/caches/modules-2/files-2.1/io.zipkin.brave/brave-context-log4j2/5.4.3/bdb6a067d8e5c15ff1cf13a9cfb2f776fccebe37/brave-context-log4j2-5.4.3.jar:/Users/harsha/.gradle/caches/modules-2/files-2.1/io.zipkin.brave/brave-instrumentation-spring-web/5.4.3/155f906ff7883bbd6f70e6ce1f1f103ebabfcde5/brave-instrumentation-spring-web-5.4.3.jar:/Users/harsha/.gradle/caches/modules-2/files-2.1/io.zipkin.brave/brave-instrumentation-spring-rabbit/5.4.3/c97dba81a325f07ca8ded91c9ec04d902d2ece7b/brave-instrumentation-spring-rabbit-5.4.3.jar:/Users/harsha/.gradle/caches/modules-2/files-2.1/io.zipkin.brave/brave-instrumentation-kafka-clients/5.4.3/a2a899753cdd792c4f5723d5176b5e9990009ba7/brave-instrumentation-kafka-clients-5.4.3.jar:/Users/harsha/.gradle/caches/modules-2/files-2.1/io.zipkin.brave/brave-instrumentation-httpclient/5.4.3/507d7ef16ac0ef9b8bbc8af634b6a7143c38dc0/brave-instrumentation-httpclient-5.4.3.jar:/Users/harsha/.gradle/caches/modules-2/files-2.1/io.zipkin.brave/brave-instrumentation-httpasyncclient/5.4.3/d803120c460d0922cd10398c0d1163c4f6624fc4/brave-instrumentation-httpasyncclient-5.4.3.jar:/Users/harsha/.gradle/caches/modules-2/files-2.1/io.zipkin.brave/brave-instrumentation-spring-webmvc/5.4.3/44c3faab5bb9e8da31c8e7256823741a049c7986/brave-instrumentation-spring-webmvc-5.4.3.jar:/Users/harsha/.gradle/caches/modules-2/files-2.1/io.zipkin.brave/brave-instrumentation-servlet/5.4.3/a2470db9c7a4da050b13c1619e10423a259806a3/brave-instrumentation-servlet-5.4.3.jar:/Users/harsha/.gradle/caches/modules-2/files-2.1/io.zipkin.brave/brave-instrumentation-http/5.4.3/1bd4afa1961db807a6f4619a899f9ad3994394ce/brave-instrumentation-http-5.4.3.jar:/Users/harsha/.gradle/caches/modules-2/files-2.1/io.zipkin.brave/brave/5.4.3/99576bcecd0b9b1f44bbe226e2b082a24d3fe8fc/brave-5.4.3.jar:/Users/harsha/.gradle/caches/modules-2/files-2.1/io.zipkin.reporter2/zipkin-reporter/2.7.10/e0fb4db0bfa1745297295eab6f5b05c837421ee6/zipkin-reporter-2.7.10.jar:/Users/harsha/.gradle/caches/modules-2/files-2.1/io.zipkin.zipkin2/zipkin/2.11.7/844f9a2da79c0ae8a275998cecca485e715059b8/zipkin-2.11.7.jar:/Users/harsha/.gradle/caches/modules-2/files-2.1/org.springframework.cloud/spring-cloud-context/2.0.2.RELEASE/8d9ac6e1d3e0868813fcd32da377108b3de53972/spring-cloud-context-2.0.2.RELEASE.jar:/Users/harsha/.gradle/caches/modules-2/files-2.1/org.springframework.security/spring-security-rsa/1.0.7.RELEASE/8fb787a76b2a31b7efbb71ae9be68b269a358302/spring-security-rsa-1.0.7.RELEASE.jar:/Users/harsha/.gradle/caches/modules-2/files-2.1/org.springframework.cloud/spring-cloud-netflix-ribbon/2.0.2.RELEASE/2a7381a1daf06b8ac5da0779216daa8d6f871e66/spring-cloud-netflix-ribbon-2.0.2.RELEASE.jar:/Users/harsha/.gradle/caches/modules-2/files-2.1/org.springframework.security/spring-security-crypto/5.0.9.RELEASE/50cc3e212645b95494a14b6e71800c4b1f3de131/spring-security-crypto-5.0.9.RELEASE.jar:/Users/harsha/.gradle/caches/modules-2/files-2.1/ch.qos.logback/logback-classic/1.2.3/7c4f3c474fb2c041d8028740440937705ebb473a/logback-classic-1.2.3.jar:/Users/harsha/.gradle/caches/modules-2/files-2.1/org.apache.logging.log4j/log4j-to-slf4j/2.10.0/f7e631ccf49cfc0aefa4a2a728da7d374c05bd3c/log4j-to-slf4j-2.10.0.jar:/Users/harsha/.gradle/caches/modules-2/files-2.1/org.slf4j/jul-to-slf4j/1.7.25/af5364cd6679bfffb114f0dec8a157aaa283b76/jul-to-slf4j-1.7.25.jar:/Users/harsha/.gradle/caches/modules-2/files-2.1/org.slf4j/slf4j-api/1.7.25/da76ca59f6a57ee3102f8f9bd9cee742973efa8a/slf4j-api-1.7.25.jar:/Users/harsha/.gradle/caches/modules-2/files-2.1/org.aspectj/aspectjweaver/1.8.13/ad94df2a28d658a40dc27bbaff6a1ce5fbf04e9b/aspectjweaver-1.8.13.jar:/Users/harsha/.gradle/caches/modules-2/files-2.1/org.aspectj/aspectjrt/1.8.13/bfc5a877fd80648e5467239d370735654aaf7a92/aspectjrt-1.8.13.jar:/Users/harsha/.gradle/caches/modules-2/files-2.1/org.apache.httpcomponents/httpcore/4.4.10/acc54d9b28bdffe4bbde89ed2e4a1e86b5285e2b/httpcore-4.4.10.jar:/Users/harsha/.gradle/caches/modules-2/files-2.1/commons-codec/commons-codec/1.11/3acb4705652e16236558f0f4f2192cc33c3bd189/commons-codec-1.11.jar:/Users/harsha/.gradle/caches/modules-2/files-2.1/net.minidev/json-smart/2.3/7396407491352ce4fa30de92efb158adb76b5b/json-smart-2.3.jar:/Users/harsha/.gradle/caches/modules-2/files-2.1/net.bytebuddy/byte-buddy/1.7.11/f02857a4e2c66ccbe7aaad6100a0a6c461bce9b3/byte-buddy-1.7.11.jar:/Users/harsha/.gradle/caches/modules-2/files-2.1/net.bytebuddy/byte-buddy-agent/1.7.11/b425a8933ca07edd03c6dbc8bc3b595fba9780de/byte-buddy-agent-1.7.11.jar:/Users/harsha/.gradle/caches/modules-2/files-2.1/org.objenesis/objenesis/2.6/639033469776fd37c08358c6b92a4761feb2af4b/objenesis-2.6.jar:/Users/harsha/.gradle/caches/modules-2/files-2.1/com.vaadin.external.google/android-json/0.0.20131108.vaadin1/fa26d351fe62a6a17f5cda1287c1c6110dec413f/android-json-0.0.20131108.vaadin1.jar:/Users/harsha/.gradle/caches/modules-2/files-2.1/org.springframework/spring-jcl/5.0.10.RELEASE/8d6a766be91ae5613f2828eb9f77739a47ceb357/spring-jcl-5.0.10.RELEASE.jar:/Users/harsha/.gradle/caches/modules-2/files-2.1/com.fasterxml.jackson.core/jackson-annotations/2.9.0/7c10d545325e3a6e72e06381afe469fd40eb701/jackson-annotations-2.9.0.jar:/Users/harsha/.gradle/caches/modules-2/files-2.1/com.fasterxml.jackson.core/jackson-core/2.9.7/4b7f0e0dc527fab032e9800ed231080fdc3ac015/jackson-core-2.9.7.jar:/Users/harsha/.gradle/caches/modules-2/files-2.1/org.bouncycastle/bcpkix-jdk15on/1.60/d0c46320fbc07be3a24eb13a56cee4e3d38e0c75/bcpkix-jdk15on-1.60.jar:/Users/harsha/.gradle/caches/modules-2/files-2.1/org.springframework.cloud/spring-cloud-netflix-archaius/2.0.2.RELEASE/850f375325b47b8a331e29ccf9a7d8270f8a2361/spring-cloud-netflix-archaius-2.0.2.RELEASE.jar:/Users/harsha/.gradle/caches/modules-2/files-2.1/io.github.openfeign.form/feign-form/3.3.0/147b40d373999606dce20ace692006f86d34a6fb/feign-form-3.3.0.jar:/Users/harsha/.gradle/caches/modules-2/files-2.1/commons-fileupload/commons-fileupload/1.3.3/4ff14d809195b711fd6bcc87e6777f886730ca1/commons-fileupload-1.3.3.jar:/Users/harsha/.gradle/caches/modules-2/files-2.1/com.google.code.findbugs/annotations/3.0.1/fc019a2216218990d64dfe756e7aa20f0069dea2/annotations-3.0.1.jar:/Users/harsha/.gradle/caches/modules-2/files-2.1/com.google.code.findbugs/jsr305/3.0.1/f7be08ec23c21485b9b5a1cf1654c2ec8c58168d/jsr305-3.0.1.jar:/Users/harsha/.gradle/caches/modules-2/files-2.1/commons-configuration/commons-configuration/1.8/6cce40435bcd8018018f16898de01976b319941a/commons-configuration-1.8.jar:/Users/harsha/.gradle/caches/modules-2/files-2.1/com.google.guava/guava/16.0/aca09d2e5e8416bf91550e72281958e35460be52/guava-16.0.jar:/Users/harsha/.gradle/caches/modules-2/files-2.1/io.reactivex/rxjava/1.2.0/42bfaf64c94f3848ebf5cf1c2ea4ec9d1b3ac6c8/rxjava-1.2.0.jar:/Users/harsha/.gradle/caches/modules-2/files-2.1/org.hdrhistogram/HdrHistogram/2.1.9/e4631ce165eb400edecfa32e03d3f1be53dee754/HdrHistogram-2.1.9.jar:/Users/harsha/.gradle/caches/modules-2/files-2.1/net.minidev/accessors-smart/1.2/c592b500269bfde36096641b01238a8350f8aa31/accessors-smart-1.2.jar:/Users/harsha/.gradle/caches/modules-2/files-2.1/ch.qos.logback/logback-core/1.2.3/864344400c3d4d92dfeb0a305dc87d953677c03c/logback-core-1.2.3.jar:/Users/harsha/.gradle/caches/modules-2/files-2.1/org.apache.logging.log4j/log4j-api/2.10.0/fec5797a55b786184a537abd39c3fa1449d752d6/log4j-api-2.10.0.jar:/Users/harsha/.gradle/caches/modules-2/files-2.1/org.bouncycastle/bcprov-jdk15on/1.60/bd47ad3bd14b8e82595c7adaa143501e60842a84/bcprov-jdk15on-1.60.jar:/Users/harsha/.gradle/caches/modules-2/files-2.1/commons-io/commons-io/2.2/83b5b8a7ba1c08f9e8c8ff2373724e33d3c1e22a/commons-io-2.2.jar:/Users/harsha/.gradle/caches/modules-2/files-2.1/commons-lang/commons-lang/2.6/ce1edb914c94ebc388f086c6827e8bdeec71ac2/commons-lang-2.6.jar:/Users/harsha/.gradle/caches/modules-2/files-2.1/org.ow2.asm/asm/5.0.4/da08b8cce7bbf903602a25a3a163ae252435795/asm-5.0.4.jar:/Users/harsha/.gradle/caches/modules-2/files-2.1/net.jcip/jcip-annotations/1.0/afba4942caaeaf46aab0b976afd57cc7c181467e/jcip-annotations-1.0.jar, user.name=harsha, java.vm.specification.version=1.8, sun.java.command=worker.org.gradle.process.internal.worker.GradleWorkerMain 'Gradle Test Executor 2', java.home=/Library/Java/JavaVirtualMachines/jdk1.8.0_141.jdk/Contents/Home/jre, sun.arch.data.model=64, user.language=en, java.specification.vendor=Oracle Corporation, awt.toolkit=sun.lwawt.macosx.LWCToolkit, java.vm.info=mixed mode, java.version=1.8.0_141, java.ext.dirs=/Users/harsha/Library/Java/Extensions:/Library/Java/JavaVirtualMachines/jdk1.8.0_141.jdk/Contents/Home/jre/lib/ext:/Library/Java/Extensions:/Network/Library/Java/Extensions:/System/Library/Java/Extensions:/usr/lib/java, sun.boot.class.path=/Library/Java/JavaVirtualMachines/jdk1.8.0_141.jdk/Contents/Home/jre/lib/resources.jar:/Library/Java/JavaVirtualMachines/jdk1.8.0_141.jdk/Contents/Home/jre/lib/rt.jar:/Library/Java/JavaVirtualMachines/jdk1.8.0_141.jdk/Contents/Home/jre/lib/sunrsasign.jar:/Library/Java/JavaVirtualMachines/jdk1.8.0_141.jdk/Contents/Home/jre/lib/jsse.jar:/Library/Java/JavaVirtualMachines/jdk1.8.0_141.jdk/Contents/Home/jre/lib/jce.jar:/Library/Java/JavaVirtualMachines/jdk1.8.0_141.jdk/Contents/Home/jre/lib/charsets.jar:/Library/Java/JavaVirtualMachines/jdk1.8.0_141.jdk/Contents/Home/jre/lib/jfr.jar:/Library/Java/JavaVirtualMachines/jdk1.8.0_141.jdk/Contents/Home/jre/classes, java.vendor=Oracle Corporation, org.gradle.test.worker=2, file.separator=/, java.vendor.url.bug=http://bugreport.sun.com/bugreport/, sun.io.unicode.encoding=UnicodeBig, sun.cpu.endian=little, socksNonProxyHosts=local|*.local|169.254/16|*.169.254/16, ftp.nonProxyHosts=local|*.local|169.254/16|*.169.254/16, sun.cpu.isalist=}}, SystemEnvironmentPropertySource@1364338655 {name='systemEnvironment', properties={PATH=/usr/local/opt/sbt@0.13/bin:/usr/local/opt/sbt@0.13/bin:/usr/bin:/bin:/usr/sbin:/sbin:/usr/local/bin:/Users/harsha/play-2.1.1:/Users/harsha/software/mongodb-osx-x86_64-v2.2-2013-06-25/bin:/Users/harsha/software/scala-2.10.3/bin:/usr/local/git/bin:/Users/harsha/software/apache-maven-3.5.0/bin:/usr/local/mysql/bin:/Users/harsha/software/groovy-2.4.12/bin:/Applications/Sublime Text 2.app/Contents/SharedSupport/bin:/Users/harsha/software/sbt/bin, JAVA_ARCH=x86_64, TERM=xterm-256color, COMMAND_MODE=unix2003, GROOVY_HOME=/Users/harsha/software/groovy-2.4.12, ITERM_SESSION_ID=w0t1p1:7DBB87F0-ACB8-4532-9CBB-D5960A4E9AE3, COLORTERM=truecolor, LOGNAME=harsha, XPC_SERVICE_NAME=0, PWD=/Users/harsha/projects/zipkin/service1, TERM_PROGRAM_VERSION=3.1.beta.6, JAVA_MAIN_CLASS_91229=org.gradle.wrapper.GradleWrapperMain, APP_ICON_91229=/Users/harsha/projects/zipkin/service1/media/gradle.icns, SHELL=/bin/zsh, TERM_PROGRAM=iTerm.app, PAGER=less, LSCOLORS=Gxfxcxdxbxegedabagacad, SECURITYSESSIONID=186a9, OLDPWD=/Users/harsha/projects/zipkin/service1, USER=harsha, ZSH=/Users/harsha/.oh-my-zsh, APP_NAME_91229=Gradle, ITERM_PROFILE=Default, TMPDIR=/var/folders/fs/zjkqjj1s365_8xh65n574s3r0000gn/T/, SSH_AUTH_SOCK=/private/tmp/com.apple.launchd.xI2bDrCGaN/Listeners, XPC_FLAGS=0x0, TERM_SESSION_ID=w0t1p1:7DBB87F0-ACB8-4532-9CBB-D5960A4E9AE3, __CF_USER_TEXT_ENCODING=0x1F5:0x0:0x64, JAVA_MAIN_CLASS_91242=worker.org.gradle.process.internal.worker.GradleWorkerMain, Apple_PubSub_Socket_Render=/private/tmp/com.apple.launchd.LlAb5gkjkT/Render, com.apple.java.jvmTask=CommandLine, LESS=-R, LC_CTYPE=UTF-8, COLORFGBG=7;0, HOME=/Users/harsha, SHLVL=1}}]
18:10:26.080 [Test worker] DEBUG org.springframework.core.io.support.PathMatchingResourcePatternResolver - Resolved classpath location [com/hs/test/zipkin/] to resources [URL [file:/Users/harsha/projects/zipkin/service1/build/classes/java/test/com/hs/test/zipkin/], URL [file:/Users/harsha/projects/zipkin/service1/build/classes/java/main/com/hs/test/zipkin/]]
18:10:26.081 [Test worker] DEBUG org.springframework.core.io.support.PathMatchingResourcePatternResolver - Looking for matching resources in directory tree [/Users/harsha/projects/zipkin/service1/build/classes/java/test/com/hs/test/zipkin]
18:10:26.081 [Test worker] DEBUG org.springframework.core.io.support.PathMatchingResourcePatternResolver - Searching directory [/Users/harsha/projects/zipkin/service1/build/classes/java/test/com/hs/test/zipkin] for files matching pattern [/Users/harsha/projects/zipkin/service1/build/classes/java/test/com/hs/test/zipkin/*.class]
18:10:26.084 [Test worker] DEBUG org.springframework.core.io.support.PathMatchingResourcePatternResolver - Looking for matching resources in directory tree [/Users/harsha/projects/zipkin/service1/build/classes/java/main/com/hs/test/zipkin]
18:10:26.084 [Test worker] DEBUG org.springframework.core.io.support.PathMatchingResourcePatternResolver - Searching directory [/Users/harsha/projects/zipkin/service1/build/classes/java/main/com/hs/test/zipkin] for files matching pattern [/Users/harsha/projects/zipkin/service1/build/classes/java/main/com/hs/test/zipkin/*.class]
18:10:26.086 [Test worker] DEBUG org.springframework.core.io.support.PathMatchingResourcePatternResolver - Resolved location pattern [classpath*:com/hs/test/zipkin/*.class] to resources [file [/Users/harsha/projects/zipkin/service1/build/classes/java/test/com/hs/test/zipkin/CustomerServiceSpec.class], file [/Users/harsha/projects/zipkin/service1/build/classes/java/test/com/hs/test/zipkin/Service1ApplicationTests.class], file [/Users/harsha/projects/zipkin/service1/build/classes/java/main/com/hs/test/zipkin/CustomerClient.class], file [/Users/harsha/projects/zipkin/service1/build/classes/java/main/com/hs/test/zipkin/CustomerService.class], file [/Users/harsha/projects/zipkin/service1/build/classes/java/main/com/hs/test/zipkin/Service1Application.class], file [/Users/harsha/projects/zipkin/service1/build/classes/java/main/com/hs/test/zipkin/User.class], file [/Users/harsha/projects/zipkin/service1/build/classes/java/main/com/hs/test/zipkin/UserController.class]]
18:10:26.148 [Test worker] DEBUG org.springframework.context.annotation.ClassPathScanningCandidateComponentProvider - Identified candidate component class: file [/Users/harsha/projects/zipkin/service1/build/classes/java/main/com/hs/test/zipkin/Service1Application.class]
18:10:26.152 [Test worker] INFO org.springframework.boot.test.context.SpringBootTestContextBootstrapper - Found @SpringBootConfiguration com.hs.test.zipkin.Service1Application for test class com.hs.test.zipkin.CustomerServiceSpec
18:10:26.285 [Test worker] DEBUG org.springframework.boot.test.context.SpringBootTestContextBootstrapper - @TestExecutionListeners is not present for class [com.hs.test.zipkin.CustomerServiceSpec]: using defaults.
18:10:26.286 [Test worker] INFO org.springframework.boot.test.context.SpringBootTestContextBootstrapper - Loaded default TestExecutionListener class names from location [META-INF/spring.factories]: [org.springframework.cloud.contract.wiremock.WireMockTestExecutionListener, org.springframework.boot.test.autoconfigure.restdocs.RestDocsTestExecutionListener, org.springframework.boot.test.autoconfigure.web.client.MockRestServiceServerResetTestExecutionListener, org.springframework.boot.test.autoconfigure.web.servlet.MockMvcPrintOnlyOnFailureTestExecutionListener, org.springframework.boot.test.autoconfigure.web.servlet.WebDriverTestExecutionListener, org.springframework.boot.test.mock.mockito.MockitoTestExecutionListener, org.springframework.boot.test.mock.mockito.ResetMocksTestExecutionListener, org.springframework.test.context.web.ServletTestExecutionListener, org.springframework.test.context.support.DirtiesContextBeforeModesTestExecutionListener, org.springframework.test.context.support.DependencyInjectionTestExecutionListener, org.springframework.test.context.support.DirtiesContextTestExecutionListener, org.springframework.test.context.transaction.TransactionalTestExecutionListener, org.springframework.test.context.jdbc.SqlScriptsTestExecutionListener]
18:10:26.297 [Test worker] DEBUG org.springframework.boot.test.context.SpringBootTestContextBootstrapper - Skipping candidate TestExecutionListener [org.springframework.test.context.transaction.TransactionalTestExecutionListener] due to a missing dependency. Specify custom listener classes or make the default listener classes and their required dependencies available. Offending class: [org/springframework/transaction/interceptor/TransactionAttributeSource]
18:10:26.297 [Test worker] DEBUG org.springframework.boot.test.context.SpringBootTestContextBootstrapper - Skipping candidate TestExecutionListener [org.springframework.test.context.jdbc.SqlScriptsTestExecutionListener] due to a missing dependency. Specify custom listener classes or make the default listener classes and their required dependencies available. Offending class: [org/springframework/transaction/interceptor/TransactionAttribute]
18:10:26.298 [Test worker] INFO org.springframework.boot.test.context.SpringBootTestContextBootstrapper - Using TestExecutionListeners: [org.springframework.test.context.web.ServletTestExecutionListener@2faadfbe, org.springframework.test.context.support.DirtiesContextBeforeModesTestExecutionListener@164190f1, org.springframework.boot.test.mock.mockito.MockitoTestExecutionListener@29d11fcb, org.springframework.boot.test.autoconfigure.SpringBootDependencyInjectionTestExecutionListener@61f66345, org.springframework.test.context.support.DirtiesContextTestExecutionListener@18d807ea, org.springframework.boot.test.autoconfigure.restdocs.RestDocsTestExecutionListener@284ca18, org.springframework.boot.test.autoconfigure.web.client.MockRestServiceServerResetTestExecutionListener@238aa2c4, org.springframework.boot.test.autoconfigure.web.servlet.MockMvcPrintOnlyOnFailureTestExecutionListener@713401bb, org.springframework.boot.test.autoconfigure.web.servlet.WebDriverTestExecutionListener@298bbf20, org.springframework.boot.test.mock.mockito.ResetMocksTestExecutionListener@d7b6403, org.springframework.cloud.contract.wiremock.WireMockTestExecutionListener@7b917bea]
18:10:26.300 [Test worker] DEBUG org.springframework.test.annotation.ProfileValueUtils - Retrieved @ProfileValueSourceConfiguration [null] for test class [com.hs.test.zipkin.CustomerServiceSpec]
18:10:26.301 [Test worker] DEBUG org.springframework.test.annotation.ProfileValueUtils - Retrieved ProfileValueSource type [class org.springframework.test.annotation.SystemProfileValueSource] for class [com.hs.test.zipkin.CustomerServiceSpec]
18:10:26.302 [Test worker] DEBUG org.springframework.test.annotation.ProfileValueUtils - Retrieved @ProfileValueSourceConfiguration [null] for test class [com.hs.test.zipkin.CustomerServiceSpec]
18:10:26.302 [Test worker] DEBUG org.springframework.test.annotation.ProfileValueUtils - Retrieved ProfileValueSource type [class org.springframework.test.annotation.SystemProfileValueSource] for class [com.hs.test.zipkin.CustomerServiceSpec]
18:10:26.306 [Test worker] DEBUG org.springframework.test.context.support.AbstractDirtiesContextTestExecutionListener - Before test class: context [DefaultTestContext@60f75558 testClass = CustomerServiceSpec, testInstance = [null], testMethod = [null], testException = [null], mergedContextConfiguration = [WebMergedContextConfiguration@7bb0a7d1 testClass = CustomerServiceSpec, locations = '{}', classes = '{class com.hs.test.zipkin.Service1Application}', contextInitializerClasses = '[]', activeProfiles = '{}', propertySourceLocations = '{}', propertySourceProperties = '{org.springframework.boot.test.context.SpringBootTestContextBootstrapper=true, server.port=0}', contextCustomizers = set[org.springframework.boot.test.autoconfigure.properties.PropertyMappingContextCustomizer@810a2a21, org.springframework.boot.test.autoconfigure.web.servlet.WebDriverContextCustomizerFactory$Customizer@47c312cd, [ImportsContextCustomizer@51d6b6da key = [org.springframework.cloud.contract.wiremock.WireMockRestTemplateConfiguration, org.springframework.cloud.contract.wiremock.WireMockConfiguration]], org.springframework.boot.test.context.filter.ExcludeFilterContextCustomizer@3c8b68dd, org.springframework.boot.test.json.DuplicateJsonObjectContextCustomizerFactory$DuplicateJsonObjectContextCustomizer@3786ee1, org.springframework.boot.test.mock.mockito.MockitoContextCustomizer@0, org.springframework.boot.test.web.client.TestRestTemplateContextCustomizer@c937fcf], resourceBasePath = 'src/main/webapp', contextLoader = 'org.springframework.boot.test.context.SpringBootContextLoader', parent = [null]], attributes = map['org.springframework.test.context.web.ServletTestExecutionListener.activateListener' -> false]], class annotated with @DirtiesContext [true] with mode [AFTER_CLASS].
18:10:26.326 [Test worker] DEBUG org.springframework.core.env.StandardEnvironment - Adding PropertySource 'systemProperties' with lowest search precedence
18:10:26.326 [Test worker] DEBUG org.springframework.core.env.StandardEnvironment - Adding PropertySource 'systemEnvironment' with lowest search precedence
18:10:26.327 [Test worker] DEBUG org.springframework.core.env.StandardEnvironment - Initialized StandardEnvironment with PropertySources [MapPropertySource@290872815 {name='systemProperties', properties={java.runtime.name=Java(TM) SE Runtime Environment, sun.boot.library.path=/Library/Java/JavaVirtualMachines/jdk1.8.0_141.jdk/Contents/Home/jre/lib, java.vm.version=25.141-b15, gopherProxySet=false, java.vm.vendor=Oracle Corporation, java.vendor.url=http://java.oracle.com/, path.separator=:, java.vm.name=Java HotSpot(TM) 64-Bit Server VM, file.encoding.pkg=sun.io, sun.java.launcher=SUN_STANDARD, user.country=SG, sun.os.patch.level=unknown, java.vm.specification.name=Java Virtual Machine Specification, user.dir=/Users/harsha/projects/zipkin/service1, java.runtime.version=1.8.0_141-b15, java.awt.graphicsenv=sun.awt.CGraphicsEnvironment, java.endorsed.dirs=/Library/Java/JavaVirtualMachines/jdk1.8.0_141.jdk/Contents/Home/jre/lib/endorsed, os.arch=x86_64, java.io.tmpdir=/var/folders/fs/zjkqjj1s365_8xh65n574s3r0000gn/T/, line.separator=
, java.vm.specification.vendor=Oracle Corporation, user.variant=, os.name=Mac OS X, sun.jnu.encoding=UTF-8, java.library.path=/Users/harsha/Library/Java/Extensions:/Library/Java/Extensions:/Network/Library/Java/Extensions:/System/Library/Java/Extensions:/usr/lib/java:., java.specification.name=Java Platform API Specification, java.class.version=52.0, org.gradle.native=false, sun.management.compiler=HotSpot 64-Bit Tiered Compilers, os.version=10.12.6, http.nonProxyHosts=local|*.local|169.254/16|*.169.254/16, user.home=/Users/harsha, user.timezone=Asia/Singapore, java.awt.printerjob=sun.lwawt.macosx.CPrinterJob, file.encoding=UTF-8, java.specification.version=1.8, java.class.path=/Users/harsha/projects/zipkin/service1/build/classes/java/test:/Users/harsha/projects/zipkin/service1/build/resources/test:/Users/harsha/projects/zipkin/service1/build/classes/java/main:/Users/harsha/projects/zipkin/service1/build/resources/main:/Users/harsha/.gradle/caches/modules-2/files-2.1/org.springframework.boot/spring-boot-starter-web/2.0.6.RELEASE/e803fc341b450b2ce01734df12e5881b8e78c0a7/spring-boot-starter-web-2.0.6.RELEASE.jar:/Users/harsha/.gradle/caches/modules-2/files-2.1/org.springframework.cloud/spring-cloud-starter-zipkin/2.0.2.RELEASE/df0d766e5ec15f8be80dee75760595279e4c9dcb/spring-cloud-starter-zipkin-2.0.2.RELEASE.jar:/Users/harsha/.gradle/caches/modules-2/files-2.1/org.springframework.cloud/spring-cloud-starter-openfeign/2.0.2.RELEASE/c6c1b5451eef8b72006c4271d0d0374bd8e49d7e/spring-cloud-starter-openfeign-2.0.2.RELEASE.jar:/Users/harsha/.gradle/caches/modules-2/files-2.1/org.springframework.cloud/spring-cloud-starter-sleuth/2.0.2.RELEASE/67d4c0ccfc18d43636e044f89e7e8093e6b8c4df/spring-cloud-starter-sleuth-2.0.2.RELEASE.jar:/Users/harsha/.gradle/caches/modules-2/files-2.1/org.springframework.cloud/spring-cloud-contract-wiremock/2.0.2.RELEASE/2515d145a7a85be595f961c12eb4ac7034b19c17/spring-cloud-contract-wiremock-2.0.2.RELEASE.jar:/Users/harsha/.gradle/caches/modules-2/files-2.1/org.spockframework/spock-spring/1.0-groovy-2.4/a07c753a95114872cd753ce3ae9166b64284b31d/spock-spring-1.0-groovy-2.4.jar:/Users/harsha/.gradle/caches/modules-2/files-2.1/org.spockframework/spock-core/1.0-groovy-2.4/ceaa8b69f274ed3de24da3e6a6c86f673b426d1a/spock-core-1.0-groovy-2.4.jar:/Users/harsha/.gradle/caches/modules-2/files-2.1/org.springframework.boot/spring-boot-starter-test/2.0.6.RELEASE/f92fd015cfc9a9bd6ae653dca8d4ec5b83d4ba00/spring-boot-starter-test-2.0.6.RELEASE.jar:/Users/harsha/.gradle/caches/modules-2/files-2.1/org.springframework.boot/spring-boot-starter-json/2.0.6.RELEASE/1b3912af3eecdbbc6cda497acc7939f2ce21e39d/spring-boot-starter-json-2.0.6.RELEASE.jar:/Users/harsha/.gradle/caches/modules-2/files-2.1/org.springframework.cloud/spring-cloud-starter/2.0.2.RELEASE/a145c38492435b6ef53c145c4ba7177de65fbb46/spring-cloud-starter-2.0.2.RELEASE.jar:/Users/harsha/.gradle/caches/modules-2/files-2.1/org.springframework.cloud/spring-cloud-openfeign-core/2.0.2.RELEASE/5d44cbdb23fc90942b7c160b2ecbb9f96041614c/spring-cloud-openfeign-core-2.0.2.RELEASE.jar:/Users/harsha/.gradle/caches/modules-2/files-2.1/org.springframework.boot/spring-boot-starter-aop/2.0.6.RELEASE/f3db2e05267686fd97af5460a155bac4298fab4d/spring-boot-starter-aop-2.0.6.RELEASE.jar:/Users/harsha/.gradle/caches/modules-2/files-2.1/org.springframework.boot/spring-boot-starter/2.0.6.RELEASE/9d904a4387e076343a3478c32198ec7d9d633ff4/spring-boot-starter-2.0.6.RELEASE.jar:/Users/harsha/.gradle/caches/modules-2/files-2.1/org.springframework.boot/spring-boot-starter-tomcat/2.0.6.RELEASE/64b22bc3d0ba734532e7cbe941354985f2a86242/spring-boot-starter-tomcat-2.0.6.RELEASE.jar:/Users/harsha/.gradle/caches/modules-2/files-2.1/org.hibernate.validator/hibernate-validator/6.0.13.Final/af4232bf90ecd33c71147d67185dbb1cfe8f33df/hibernate-validator-6.0.13.Final.jar:/Users/harsha/.gradle/caches/modules-2/files-2.1/org.springframework/spring-webmvc/5.0.10.RELEASE/88a601321e2b4e3b84eed0909c24b9dd8e453b5f/spring-webmvc-5.0.10.RELEASE.jar:/Users/harsha/.gradle/caches/modules-2/files-2.1/org.springframework.cloud/spring-cloud-sleuth-zipkin/2.0.2.RELEASE/98e7ff13fb8eb322d8f852818201397a1c468796/spring-cloud-sleuth-zipkin-2.0.2.RELEASE.jar:/Users/harsha/.gradle/caches/modules-2/files-2.1/io.github.openfeign.form/feign-form-spring/3.3.0/1a7f573dc3192c5d7269bc2e45f03a3b220e4002/feign-form-spring-3.3.0.jar:/Users/harsha/.gradle/caches/modules-2/files-2.1/org.springframework/spring-web/5.0.10.RELEASE/fbaaa53ec99f45fd7aaf9125beeb5c3388cce088/spring-web-5.0.10.RELEASE.jar:/Users/harsha/.gradle/caches/modules-2/files-2.1/org.springframework.cloud/spring-cloud-sleuth-core/2.0.2.RELEASE/5a18b2a672864912a20de44e978df2f61c6abe/spring-cloud-sleuth-core-2.0.2.RELEASE.jar:/Users/harsha/.gradle/caches/modules-2/files-2.1/org.springframework.cloud/spring-cloud-commons/2.0.2.RELEASE/9a10d873baefa48b087370dc86aa59461b258591/spring-cloud-commons-2.0.2.RELEASE.jar:/Users/harsha/.gradle/caches/modules-2/files-2.1/io.github.openfeign/feign-slf4j/9.7.0/f74f4241746a93bf64a307ac75dd4f2c716d5ca1/feign-slf4j-9.7.0.jar:/Users/harsha/.gradle/caches/modules-2/files-2.1/io.github.openfeign/feign-hystrix/9.7.0/358d29c524b5725db4305e78e9b09fe9d02d2d2/feign-hystrix-9.7.0.jar:/Users/harsha/.gradle/caches/modules-2/files-2.1/io.github.openfeign/feign-java8/9.7.0/5895e69840bb46105e7eda7409a64c17a3c59167/feign-java8-9.7.0.jar:/Users/harsha/.gradle/caches/modules-2/files-2.1/io.github.openfeign/feign-core/9.7.0/ba4066f2db318768ad289746fc10709dbeaaaf07/feign-core-9.7.0.jar:/Users/harsha/.gradle/caches/modules-2/files-2.1/com.github.tomakehurst/wiremock-standalone/2.18.0/cf7776dc7a0176d4f4a990155d819279078859f9/wiremock-standalone-2.18.0.jar:/Users/harsha/.gradle/caches/modules-2/files-2.1/org.apache.httpcomponents/httpclient/4.5.6/1afe5621985efe90a92d0fbc9be86271efbe796f/httpclient-4.5.6.jar:/Users/harsha/.gradle/caches/modules-2/files-2.1/org.assertj/assertj-core/3.9.1/c5ce126b15f28d56cd8f960c1a6a058b9c9aea87/assertj-core-3.9.1.jar:/Users/harsha/.gradle/caches/modules-2/files-2.1/org.codehaus.groovy/groovy-all/2.4.15/423a17aeb2f64bc6f76e8e44265a548bec80fd42/groovy-all-2.4.15.jar:/Users/harsha/.gradle/caches/modules-2/files-2.1/junit/junit/4.12/2973d150c0dc1fefe998f834810d68f278ea58ec/junit-4.12.jar:/Users/harsha/.gradle/caches/modules-2/files-2.1/org.springframework.boot/spring-boot-test-autoconfigure/2.0.6.RELEASE/b0eb15474e795850dfa59b01ee6a83d7a39e3645/spring-boot-test-autoconfigure-2.0.6.RELEASE.jar:/Users/harsha/.gradle/caches/modules-2/files-2.1/org.springframework.boot/spring-boot-test/2.0.6.RELEASE/33a53ca6d55f35b3a89320c260262a5310ba8afc/spring-boot-test-2.0.6.RELEASE.jar:/Users/harsha/.gradle/caches/modules-2/files-2.1/com.jayway.jsonpath/json-path/2.4.0/765a4401ceb2dc8d40553c2075eb80a8fa35c2ae/json-path-2.4.0.jar:/Users/harsha/.gradle/caches/modules-2/files-2.1/org.mockito/mockito-core/2.15.0/b84bfbbc29cd22c9529409627af6ea2897f4fa85/mockito-core-2.15.0.jar:/Users/harsha/.gradle/caches/modules-2/files-2.1/org.hamcrest/hamcrest-library/1.3/4785a3c21320980282f9f33d0d1264a69040538f/hamcrest-library-1.3.jar:/Users/harsha/.gradle/caches/modules-2/files-2.1/org.hamcrest/hamcrest-core/1.3/42a25dc3219429f0e5d060061f71acb49bf010a0/hamcrest-core-1.3.jar:/Users/harsha/.gradle/caches/modules-2/files-2.1/org.skyscreamer/jsonassert/1.5.0/6c9d5fe2f59da598d9aefc1cfc6528ff3cf32df3/jsonassert-1.5.0.jar:/Users/harsha/.gradle/caches/modules-2/files-2.1/org.springframework/spring-test/5.0.10.RELEASE/1d2d272073f36c689c693ec3ec94d7ad7e136a2e/spring-test-5.0.10.RELEASE.jar:/Users/harsha/.gradle/caches/modules-2/files-2.1/org.springframework.boot/spring-boot-autoconfigure/2.0.6.RELEASE/e8c88fd703dbdf79f94178a5018ad67d1ecb1d0d/spring-boot-autoconfigure-2.0.6.RELEASE.jar:/Users/harsha/.gradle/caches/modules-2/files-2.1/org.springframework.boot/spring-boot/2.0.6.RELEASE/4d214b08bbc74f03d404e8fc862102334e0f73d1/spring-boot-2.0.6.RELEASE.jar:/Users/harsha/.gradle/caches/modules-2/files-2.1/org.springframework/spring-context/5.0.10.RELEASE/6f53de0618219fefc2aebf92ba175e6b33e14ce0/spring-context-5.0.10.RELEASE.jar:/Users/harsha/.gradle/caches/modules-2/files-2.1/org.springframework/spring-aop/5.0.10.RELEASE/da65874f61aef9c25db794f493e50683346d3056/spring-aop-5.0.10.RELEASE.jar:/Users/harsha/.gradle/caches/modules-2/files-2.1/org.springframework/spring-beans/5.0.10.RELEASE/8ec7da928082a123c50d5d70cd4b46382db27e8b/spring-beans-5.0.10.RELEASE.jar:/Users/harsha/.gradle/caches/modules-2/files-2.1/org.springframework/spring-expression/5.0.10.RELEASE/eaf8595e3bf18ef1aca1c233d9871552d258e38a/spring-expression-5.0.10.RELEASE.jar:/Users/harsha/.gradle/caches/modules-2/files-2.1/org.springframework/spring-core/5.0.10.RELEASE/cb270a60ceb573961588f511222984de64b4bc96/spring-core-5.0.10.RELEASE.jar:/Users/harsha/.gradle/caches/modules-2/files-2.1/org.xmlunit/xmlunit-core/2.5.1/4ffdb346572a7356f7521cd3119ce5287d2e339d/xmlunit-core-2.5.1.jar:/Users/harsha/.gradle/caches/modules-2/files-2.1/org.springframework.boot/spring-boot-starter-logging/2.0.6.RELEASE/a730d62c8eb80cdc95e5089e47570d24731cf5dd/spring-boot-starter-logging-2.0.6.RELEASE.jar:/Users/harsha/.gradle/caches/modules-2/files-2.1/javax.annotation/javax.annotation-api/1.3.2/934c04d3cfef185a8008e7bf34331b79730a9d43/javax.annotation-api-1.3.2.jar:/Users/harsha/.gradle/caches/modules-2/files-2.1/org.yaml/snakeyaml/1.19/2d998d3d674b172a588e54ab619854d073f555b5/snakeyaml-1.19.jar:/Users/harsha/.gradle/caches/modules-2/files-2.1/com.fasterxml.jackson.datatype/jackson-datatype-jdk8/2.9.7/98d8f190db07f97c64c0ea3af5792f718a6c2cc1/jackson-datatype-jdk8-2.9.7.jar:/Users/harsha/.gradle/caches/modules-2/files-2.1/com.fasterxml.jackson.datatype/jackson-datatype-jsr310/2.9.7/cbd919f1ce67533e07b98dd493247e8dbabc26b2/jackson-datatype-jsr310-2.9.7.jar:/Users/harsha/.gradle/caches/modules-2/files-2.1/com.fasterxml.jackson.module/jackson-module-parameter-names/2.9.7/f2bdd7696beffa2dbc5dc62cd24c3906a40ffcff/jackson-module-parameter-names-2.9.7.jar:/Users/harsha/.gradle/caches/modules-2/files-2.1/com.netflix.hystrix/hystrix-core/1.5.12/75379b6671fcaa9cec33035df684a68ec7741ca6/hystrix-core-1.5.12.jar:/Users/harsha/.gradle/caches/modules-2/files-2.1/com.netflix.archaius/archaius-core/0.7.6/be0c1024d08ad68ec25f9f32b0e9df1ab7ecb45b/archaius-core-0.7.6.jar:/Users/harsha/.gradle/caches/modules-2/files-2.1/com.fasterxml.jackson.core/jackson-databind/2.9.7/e6faad47abd3179666e89068485a1b88a195ceb7/jackson-databind-2.9.7.jar:/Users/harsha/.gradle/caches/modules-2/files-2.1/org.apache.tomcat.embed/tomcat-embed-websocket/8.5.34/5f86906367c2540b21e6aeecc277d2ce9ec939b0/tomcat-embed-websocket-8.5.34.jar:/Users/harsha/.gradle/caches/modules-2/files-2.1/org.apache.tomcat.embed/tomcat-embed-core/8.5.34/a038040d68a90397f95dd1e11b979fe364a5000f/tomcat-embed-core-8.5.34.jar:/Users/harsha/.gradle/caches/modules-2/files-2.1/org.apache.tomcat.embed/tomcat-embed-el/8.5.34/be71a9a5bdd001db7cf97c47429eec0bdd3b7b88/tomcat-embed-el-8.5.34.jar:/Users/harsha/.gradle/caches/modules-2/files-2.1/javax.validation/validation-api/2.0.1.Final/cb855558e6271b1b32e716d24cb85c7f583ce09e/validation-api-2.0.1.Final.jar:/Users/harsha/.gradle/caches/modules-2/files-2.1/org.jboss.logging/jboss-logging/3.3.2.Final/3789d00e859632e6c6206adc0c71625559e6e3b0/jboss-logging-3.3.2.Final.jar:/Users/harsha/.gradle/caches/modules-2/files-2.1/com.fasterxml/classmate/1.3.4/3d5f48f10bbe4eb7bd862f10c0583be2e0053c6/classmate-1.3.4.jar:/Users/harsha/.gradle/caches/modules-2/files-2.1/io.zipkin.reporter2/zipkin-sender-kafka11/2.7.10/9cfa29701028cde498b05c5a5ca1c1e9649e6a69/zipkin-sender-kafka11-2.7.10.jar:/Users/harsha/.gradle/caches/modules-2/files-2.1/io.zipkin.reporter2/zipkin-sender-amqp-client/2.7.10/c91636471e9b725f6d009e1c45d396a2a2c754a5/zipkin-sender-amqp-client-2.7.10.jar:/Users/harsha/.gradle/caches/modules-2/files-2.1/io.zipkin.brave/brave-context-log4j2/5.4.3/bdb6a067d8e5c15ff1cf13a9cfb2f776fccebe37/brave-context-log4j2-5.4.3.jar:/Users/harsha/.gradle/caches/modules-2/files-2.1/io.zipkin.brave/brave-instrumentation-spring-web/5.4.3/155f906ff7883bbd6f70e6ce1f1f103ebabfcde5/brave-instrumentation-spring-web-5.4.3.jar:/Users/harsha/.gradle/caches/modules-2/files-2.1/io.zipkin.brave/brave-instrumentation-spring-rabbit/5.4.3/c97dba81a325f07ca8ded91c9ec04d902d2ece7b/brave-instrumentation-spring-rabbit-5.4.3.jar:/Users/harsha/.gradle/caches/modules-2/files-2.1/io.zipkin.brave/brave-instrumentation-kafka-clients/5.4.3/a2a899753cdd792c4f5723d5176b5e9990009ba7/brave-instrumentation-kafka-clients-5.4.3.jar:/Users/harsha/.gradle/caches/modules-2/files-2.1/io.zipkin.brave/brave-instrumentation-httpclient/5.4.3/507d7ef16ac0ef9b8bbc8af634b6a7143c38dc0/brave-instrumentation-httpclient-5.4.3.jar:/Users/harsha/.gradle/caches/modules-2/files-2.1/io.zipkin.brave/brave-instrumentation-httpasyncclient/5.4.3/d803120c460d0922cd10398c0d1163c4f6624fc4/brave-instrumentation-httpasyncclient-5.4.3.jar:/Users/harsha/.gradle/caches/modules-2/files-2.1/io.zipkin.brave/brave-instrumentation-spring-webmvc/5.4.3/44c3faab5bb9e8da31c8e7256823741a049c7986/brave-instrumentation-spring-webmvc-5.4.3.jar:/Users/harsha/.gradle/caches/modules-2/files-2.1/io.zipkin.brave/brave-instrumentation-servlet/5.4.3/a2470db9c7a4da050b13c1619e10423a259806a3/brave-instrumentation-servlet-5.4.3.jar:/Users/harsha/.gradle/caches/modules-2/files-2.1/io.zipkin.brave/brave-instrumentation-http/5.4.3/1bd4afa1961db807a6f4619a899f9ad3994394ce/brave-instrumentation-http-5.4.3.jar:/Users/harsha/.gradle/caches/modules-2/files-2.1/io.zipkin.brave/brave/5.4.3/99576bcecd0b9b1f44bbe226e2b082a24d3fe8fc/brave-5.4.3.jar:/Users/harsha/.gradle/caches/modules-2/files-2.1/io.zipkin.reporter2/zipkin-reporter/2.7.10/e0fb4db0bfa1745297295eab6f5b05c837421ee6/zipkin-reporter-2.7.10.jar:/Users/harsha/.gradle/caches/modules-2/files-2.1/io.zipkin.zipkin2/zipkin/2.11.7/844f9a2da79c0ae8a275998cecca485e715059b8/zipkin-2.11.7.jar:/Users/harsha/.gradle/caches/modules-2/files-2.1/org.springframework.cloud/spring-cloud-context/2.0.2.RELEASE/8d9ac6e1d3e0868813fcd32da377108b3de53972/spring-cloud-context-2.0.2.RELEASE.jar:/Users/harsha/.gradle/caches/modules-2/files-2.1/org.springframework.security/spring-security-rsa/1.0.7.RELEASE/8fb787a76b2a31b7efbb71ae9be68b269a358302/spring-security-rsa-1.0.7.RELEASE.jar:/Users/harsha/.gradle/caches/modules-2/files-2.1/org.springframework.cloud/spring-cloud-netflix-ribbon/2.0.2.RELEASE/2a7381a1daf06b8ac5da0779216daa8d6f871e66/spring-cloud-netflix-ribbon-2.0.2.RELEASE.jar:/Users/harsha/.gradle/caches/modules-2/files-2.1/org.springframework.security/spring-security-crypto/5.0.9.RELEASE/50cc3e212645b95494a14b6e71800c4b1f3de131/spring-security-crypto-5.0.9.RELEASE.jar:/Users/harsha/.gradle/caches/modules-2/files-2.1/ch.qos.logback/logback-classic/1.2.3/7c4f3c474fb2c041d8028740440937705ebb473a/logback-classic-1.2.3.jar:/Users/harsha/.gradle/caches/modules-2/files-2.1/org.apache.logging.log4j/log4j-to-slf4j/2.10.0/f7e631ccf49cfc0aefa4a2a728da7d374c05bd3c/log4j-to-slf4j-2.10.0.jar:/Users/harsha/.gradle/caches/modules-2/files-2.1/org.slf4j/jul-to-slf4j/1.7.25/af5364cd6679bfffb114f0dec8a157aaa283b76/jul-to-slf4j-1.7.25.jar:/Users/harsha/.gradle/caches/modules-2/files-2.1/org.slf4j/slf4j-api/1.7.25/da76ca59f6a57ee3102f8f9bd9cee742973efa8a/slf4j-api-1.7.25.jar:/Users/harsha/.gradle/caches/modules-2/files-2.1/org.aspectj/aspectjweaver/1.8.13/ad94df2a28d658a40dc27bbaff6a1ce5fbf04e9b/aspectjweaver-1.8.13.jar:/Users/harsha/.gradle/caches/modules-2/files-2.1/org.aspectj/aspectjrt/1.8.13/bfc5a877fd80648e5467239d370735654aaf7a92/aspectjrt-1.8.13.jar:/Users/harsha/.gradle/caches/modules-2/files-2.1/org.apache.httpcomponents/httpcore/4.4.10/acc54d9b28bdffe4bbde89ed2e4a1e86b5285e2b/httpcore-4.4.10.jar:/Users/harsha/.gradle/caches/modules-2/files-2.1/commons-codec/commons-codec/1.11/3acb4705652e16236558f0f4f2192cc33c3bd189/commons-codec-1.11.jar:/Users/harsha/.gradle/caches/modules-2/files-2.1/net.minidev/json-smart/2.3/7396407491352ce4fa30de92efb158adb76b5b/json-smart-2.3.jar:/Users/harsha/.gradle/caches/modules-2/files-2.1/net.bytebuddy/byte-buddy/1.7.11/f02857a4e2c66ccbe7aaad6100a0a6c461bce9b3/byte-buddy-1.7.11.jar:/Users/harsha/.gradle/caches/modules-2/files-2.1/net.bytebuddy/byte-buddy-agent/1.7.11/b425a8933ca07edd03c6dbc8bc3b595fba9780de/byte-buddy-agent-1.7.11.jar:/Users/harsha/.gradle/caches/modules-2/files-2.1/org.objenesis/objenesis/2.6/639033469776fd37c08358c6b92a4761feb2af4b/objenesis-2.6.jar:/Users/harsha/.gradle/caches/modules-2/files-2.1/com.vaadin.external.google/android-json/0.0.20131108.vaadin1/fa26d351fe62a6a17f5cda1287c1c6110dec413f/android-json-0.0.20131108.vaadin1.jar:/Users/harsha/.gradle/caches/modules-2/files-2.1/org.springframework/spring-jcl/5.0.10.RELEASE/8d6a766be91ae5613f2828eb9f77739a47ceb357/spring-jcl-5.0.10.RELEASE.jar:/Users/harsha/.gradle/caches/modules-2/files-2.1/com.fasterxml.jackson.core/jackson-annotations/2.9.0/7c10d545325e3a6e72e06381afe469fd40eb701/jackson-annotations-2.9.0.jar:/Users/harsha/.gradle/caches/modules-2/files-2.1/com.fasterxml.jackson.core/jackson-core/2.9.7/4b7f0e0dc527fab032e9800ed231080fdc3ac015/jackson-core-2.9.7.jar:/Users/harsha/.gradle/caches/modules-2/files-2.1/org.bouncycastle/bcpkix-jdk15on/1.60/d0c46320fbc07be3a24eb13a56cee4e3d38e0c75/bcpkix-jdk15on-1.60.jar:/Users/harsha/.gradle/caches/modules-2/files-2.1/org.springframework.cloud/spring-cloud-netflix-archaius/2.0.2.RELEASE/850f375325b47b8a331e29ccf9a7d8270f8a2361/spring-cloud-netflix-archaius-2.0.2.RELEASE.jar:/Users/harsha/.gradle/caches/modules-2/files-2.1/io.github.openfeign.form/feign-form/3.3.0/147b40d373999606dce20ace692006f86d34a6fb/feign-form-3.3.0.jar:/Users/harsha/.gradle/caches/modules-2/files-2.1/commons-fileupload/commons-fileupload/1.3.3/4ff14d809195b711fd6bcc87e6777f886730ca1/commons-fileupload-1.3.3.jar:/Users/harsha/.gradle/caches/modules-2/files-2.1/com.google.code.findbugs/annotations/3.0.1/fc019a2216218990d64dfe756e7aa20f0069dea2/annotations-3.0.1.jar:/Users/harsha/.gradle/caches/modules-2/files-2.1/com.google.code.findbugs/jsr305/3.0.1/f7be08ec23c21485b9b5a1cf1654c2ec8c58168d/jsr305-3.0.1.jar:/Users/harsha/.gradle/caches/modules-2/files-2.1/commons-configuration/commons-configuration/1.8/6cce40435bcd8018018f16898de01976b319941a/commons-configuration-1.8.jar:/Users/harsha/.gradle/caches/modules-2/files-2.1/com.google.guava/guava/16.0/aca09d2e5e8416bf91550e72281958e35460be52/guava-16.0.jar:/Users/harsha/.gradle/caches/modules-2/files-2.1/io.reactivex/rxjava/1.2.0/42bfaf64c94f3848ebf5cf1c2ea4ec9d1b3ac6c8/rxjava-1.2.0.jar:/Users/harsha/.gradle/caches/modules-2/files-2.1/org.hdrhistogram/HdrHistogram/2.1.9/e4631ce165eb400edecfa32e03d3f1be53dee754/HdrHistogram-2.1.9.jar:/Users/harsha/.gradle/caches/modules-2/files-2.1/net.minidev/accessors-smart/1.2/c592b500269bfde36096641b01238a8350f8aa31/accessors-smart-1.2.jar:/Users/harsha/.gradle/caches/modules-2/files-2.1/ch.qos.logback/logback-core/1.2.3/864344400c3d4d92dfeb0a305dc87d953677c03c/logback-core-1.2.3.jar:/Users/harsha/.gradle/caches/modules-2/files-2.1/org.apache.logging.log4j/log4j-api/2.10.0/fec5797a55b786184a537abd39c3fa1449d752d6/log4j-api-2.10.0.jar:/Users/harsha/.gradle/caches/modules-2/files-2.1/org.bouncycastle/bcprov-jdk15on/1.60/bd47ad3bd14b8e82595c7adaa143501e60842a84/bcprov-jdk15on-1.60.jar:/Users/harsha/.gradle/caches/modules-2/files-2.1/commons-io/commons-io/2.2/83b5b8a7ba1c08f9e8c8ff2373724e33d3c1e22a/commons-io-2.2.jar:/Users/harsha/.gradle/caches/modules-2/files-2.1/commons-lang/commons-lang/2.6/ce1edb914c94ebc388f086c6827e8bdeec71ac2/commons-lang-2.6.jar:/Users/harsha/.gradle/caches/modules-2/files-2.1/org.ow2.asm/asm/5.0.4/da08b8cce7bbf903602a25a3a163ae252435795/asm-5.0.4.jar:/Users/harsha/.gradle/caches/modules-2/files-2.1/net.jcip/jcip-annotations/1.0/afba4942caaeaf46aab0b976afd57cc7c181467e/jcip-annotations-1.0.jar, user.name=harsha, java.vm.specification.version=1.8, sun.java.command=worker.org.gradle.process.internal.worker.GradleWorkerMain 'Gradle Test Executor 2', java.home=/Library/Java/JavaVirtualMachines/jdk1.8.0_141.jdk/Contents/Home/jre, sun.arch.data.model=64, user.language=en, java.specification.vendor=Oracle Corporation, awt.toolkit=sun.lwawt.macosx.LWCToolkit, java.vm.info=mixed mode, java.version=1.8.0_141, java.ext.dirs=/Users/harsha/Library/Java/Extensions:/Library/Java/JavaVirtualMachines/jdk1.8.0_141.jdk/Contents/Home/jre/lib/ext:/Library/Java/Extensions:/Network/Library/Java/Extensions:/System/Library/Java/Extensions:/usr/lib/java, sun.boot.class.path=/Library/Java/JavaVirtualMachines/jdk1.8.0_141.jdk/Contents/Home/jre/lib/resources.jar:/Library/Java/JavaVirtualMachines/jdk1.8.0_141.jdk/Contents/Home/jre/lib/rt.jar:/Library/Java/JavaVirtualMachines/jdk1.8.0_141.jdk/Contents/Home/jre/lib/sunrsasign.jar:/Library/Java/JavaVirtualMachines/jdk1.8.0_141.jdk/Contents/Home/jre/lib/jsse.jar:/Library/Java/JavaVirtualMachines/jdk1.8.0_141.jdk/Contents/Home/jre/lib/jce.jar:/Library/Java/JavaVirtualMachines/jdk1.8.0_141.jdk/Contents/Home/jre/lib/charsets.jar:/Library/Java/JavaVirtualMachines/jdk1.8.0_141.jdk/Contents/Home/jre/lib/jfr.jar:/Library/Java/JavaVirtualMachines/jdk1.8.0_141.jdk/Contents/Home/jre/classes, java.vendor=Oracle Corporation, org.gradle.test.worker=2, file.separator=/, java.vendor.url.bug=http://bugreport.sun.com/bugreport/, sun.io.unicode.encoding=UnicodeBig, sun.cpu.endian=little, socksNonProxyHosts=local|*.local|169.254/16|*.169.254/16, ftp.nonProxyHosts=local|*.local|169.254/16|*.169.254/16, sun.cpu.isalist=}}, SystemEnvironmentPropertySource@613837239 {name='systemEnvironment', properties={PATH=/usr/local/opt/sbt@0.13/bin:/usr/local/opt/sbt@0.13/bin:/usr/bin:/bin:/usr/sbin:/sbin:/usr/local/bin:/Users/harsha/play-2.1.1:/Users/harsha/software/mongodb-osx-x86_64-v2.2-2013-06-25/bin:/Users/harsha/software/scala-2.10.3/bin:/usr/local/git/bin:/Users/harsha/software/apache-maven-3.5.0/bin:/usr/local/mysql/bin:/Users/harsha/software/groovy-2.4.12/bin:/Applications/Sublime Text 2.app/Contents/SharedSupport/bin:/Users/harsha/software/sbt/bin, JAVA_ARCH=x86_64, TERM=xterm-256color, COMMAND_MODE=unix2003, GROOVY_HOME=/Users/harsha/software/groovy-2.4.12, ITERM_SESSION_ID=w0t1p1:7DBB87F0-ACB8-4532-9CBB-D5960A4E9AE3, COLORTERM=truecolor, LOGNAME=harsha, XPC_SERVICE_NAME=0, PWD=/Users/harsha/projects/zipkin/service1, TERM_PROGRAM_VERSION=3.1.beta.6, JAVA_MAIN_CLASS_91229=org.gradle.wrapper.GradleWrapperMain, APP_ICON_91229=/Users/harsha/projects/zipkin/service1/media/gradle.icns, SHELL=/bin/zsh, TERM_PROGRAM=iTerm.app, PAGER=less, LSCOLORS=Gxfxcxdxbxegedabagacad, SECURITYSESSIONID=186a9, OLDPWD=/Users/harsha/projects/zipkin/service1, USER=harsha, ZSH=/Users/harsha/.oh-my-zsh, APP_NAME_91229=Gradle, ITERM_PROFILE=Default, TMPDIR=/var/folders/fs/zjkqjj1s365_8xh65n574s3r0000gn/T/, SSH_AUTH_SOCK=/private/tmp/com.apple.launchd.xI2bDrCGaN/Listeners, XPC_FLAGS=0x0, TERM_SESSION_ID=w0t1p1:7DBB87F0-ACB8-4532-9CBB-D5960A4E9AE3, __CF_USER_TEXT_ENCODING=0x1F5:0x0:0x64, JAVA_MAIN_CLASS_91242=worker.org.gradle.process.internal.worker.GradleWorkerMain, Apple_PubSub_Socket_Render=/private/tmp/com.apple.launchd.LlAb5gkjkT/Render, com.apple.java.jvmTask=CommandLine, LESS=-R, LC_CTYPE=UTF-8, COLORFGBG=7;0, HOME=/Users/harsha, SHLVL=1}}]
18:10:26.329 [Test worker] DEBUG org.springframework.test.context.support.TestPropertySourceUtils - Adding inlined properties to environment: {spring.jmx.enabled=false, org.springframework.boot.test.context.SpringBootTestContextBootstrapper=true, server.port=0}
18:10:26.329 [Test worker] DEBUG org.springframework.core.env.StandardEnvironment - Adding PropertySource 'Inlined Test Properties' with highest search precedence
2018-11-06 18:10:26.998  INFO [zipkin-test,,,] 91242 --- [    Test worker] s.c.a.AnnotationConfigApplicationContext : Refreshing org.springframework.context.annotation.AnnotationConfigApplicationContext@3825f971: startup date [Tue Nov 06 18:10:26 SGT 2018]; root of context hierarchy
2018-11-06 18:10:27.353  INFO [zipkin-test,,,] 91242 --- [    Test worker] trationDelegate$BeanPostProcessorChecker : Bean 'configurationPropertiesRebinderAutoConfiguration' of type [org.springframework.cloud.autoconfigure.ConfigurationPropertiesRebinderAutoConfiguration$$EnhancerBySpringCGLIB$$fb7cfd27] is not eligible for getting processed by all BeanPostProcessors (for example: not eligible for auto-proxying)

  .   ____          _            __ _ _
 /\\ / ___'_ __ _ _(_)_ __  __ _ \ \ \ \
( ( )\___ | '_ | '_| | '_ \/ _` | \ \ \ \
 \\/  ___)| |_)| | | | | || (_| |  ) ) ) )
  '  |____| .__|_| |_|_| |_\__, | / / / /
 =========|_|==============|___/=/_/_/_/
 :: Spring Boot ::        (v2.0.6.RELEASE)

2018-11-06 18:10:27.541  INFO [user-service,,,] 91242 --- [    Test worker] com.hs.test.zipkin.CustomerServiceSpec   : No active profile set, falling back to default profiles: default
2018-11-06 18:10:27.548  INFO [user-service,,,] 91242 --- [    Test worker] ConfigServletWebServerApplicationContext : Refreshing org.springframework.boot.web.servlet.context.AnnotationConfigServletWebServerApplicationContext@5be592fa: startup date [Tue Nov 06 18:10:27 SGT 2018]; parent: org.springframework.context.annotation.AnnotationConfigApplicationContext@3825f971
2018-11-06 18:10:28.413  INFO [user-service,,,] 91242 --- [    Test worker] o.s.cloud.context.scope.GenericScope     : BeanFactory id=66311b70-6caa-3c4e-9666-b14360ffa4c9
2018-11-06 18:10:28.849  INFO [user-service,,,] 91242 --- [    Test worker] trationDelegate$BeanPostProcessorChecker : Bean 'org.springframework.cloud.autoconfigure.ConfigurationPropertiesRebinderAutoConfiguration' of type [org.springframework.cloud.autoconfigure.ConfigurationPropertiesRebinderAutoConfiguration$$EnhancerBySpringCGLIB$$fb7cfd27] is not eligible for getting processed by all BeanPostProcessors (for example: not eligible for auto-proxying)
2018-11-06 18:10:29.495  INFO [user-service,,,] 91242 --- [    Test worker] o.s.b.w.embedded.tomcat.TomcatWebServer  : Tomcat initialized with port(s): 0 (http)
2018-11-06 18:10:29.540  INFO [user-service,,,] 91242 --- [    Test worker] o.apache.catalina.core.StandardService   : Starting service [Tomcat]
2018-11-06 18:10:29.540  INFO [user-service,,,] 91242 --- [    Test worker] org.apache.catalina.core.StandardEngine  : Starting Servlet Engine: Apache Tomcat/8.5.34
2018-11-06 18:10:29.555  INFO [user-service,,,] 91242 --- [ost-startStop-1] o.a.catalina.core.AprLifecycleListener   : The APR based Apache Tomcat Native library which allows optimal performance in production environments was not found on the java.library.path: [/Users/harsha/Library/Java/Extensions:/Library/Java/Extensions:/Network/Library/Java/Extensions:/System/Library/Java/Extensions:/usr/lib/java:.]
2018-11-06 18:10:29.707  INFO [user-service,,,] 91242 --- [ost-startStop-1] o.a.c.c.C.[Tomcat].[localhost].[/]       : Initializing Spring embedded WebApplicationContext
2018-11-06 18:10:29.707  INFO [user-service,,,] 91242 --- [ost-startStop-1] o.s.web.context.ContextLoader            : Root WebApplicationContext: initialization completed in 2159 ms
2018-11-06 18:10:30.117  INFO [user-service,,,] 91242 --- [ost-startStop-1] o.s.b.w.servlet.FilterRegistrationBean   : Mapping filter: 'characterEncodingFilter' to: [/*]
2018-11-06 18:10:30.118  INFO [user-service,,,] 91242 --- [ost-startStop-1] o.s.b.w.servlet.FilterRegistrationBean   : Mapping filter: 'tracingFilter' to: [/*]
2018-11-06 18:10:30.118  INFO [user-service,,,] 91242 --- [ost-startStop-1] o.s.b.w.servlet.FilterRegistrationBean   : Mapping filter: 'exceptionLoggingFilter' to: [/*]
2018-11-06 18:10:30.118  INFO [user-service,,,] 91242 --- [ost-startStop-1] o.s.b.w.servlet.FilterRegistrationBean   : Mapping filter: 'hiddenHttpMethodFilter' to: [/*]
2018-11-06 18:10:30.118  INFO [user-service,,,] 91242 --- [ost-startStop-1] o.s.b.w.servlet.FilterRegistrationBean   : Mapping filter: 'httpPutFormContentFilter' to: [/*]
2018-11-06 18:10:30.119  INFO [user-service,,,] 91242 --- [ost-startStop-1] o.s.b.w.servlet.FilterRegistrationBean   : Mapping filter: 'requestContextFilter' to: [/*]
2018-11-06 18:10:30.119  INFO [user-service,,,] 91242 --- [ost-startStop-1] o.s.b.w.servlet.ServletRegistrationBean  : Servlet dispatcherServlet mapped to [/]
2018-11-06 18:10:30.191  INFO [user-service,,,] 91242 --- [    Test worker] s.c.a.AnnotationConfigApplicationContext : Refreshing FeignContext-customerClient: startup date [Tue Nov 06 18:10:30 SGT 2018]; parent: org.springframework.boot.web.servlet.context.AnnotationConfigServletWebServerApplicationContext@5be592fa
2018-11-06 18:10:31.181  INFO [user-service,,,] 91242 --- [    Test worker] wiremock.org.eclipse.jetty.util.log      : Logging initialized @6027ms
2018-11-06 18:10:31.308  WARN [user-service,,,] 91242 --- [    Test worker] c.n.c.sources.URLConfigurationSource     : No URLs will be polled as dynamic configuration sources.
2018-11-06 18:10:31.308  INFO [user-service,,,] 91242 --- [    Test worker] c.n.c.sources.URLConfigurationSource     : To enable URLs as dynamic configuration sources, define System property archaius.configurationSource.additionalUrls or make config.properties available on classpath.
2018-11-06 18:10:31.315  WARN [user-service,,,] 91242 --- [    Test worker] c.n.c.sources.URLConfigurationSource     : No URLs will be polled as dynamic configuration sources.
2018-11-06 18:10:31.316  INFO [user-service,,,] 91242 --- [    Test worker] c.n.c.sources.URLConfigurationSource     : To enable URLs as dynamic configuration sources, define System property archaius.configurationSource.additionalUrls or make config.properties available on classpath.
2018-11-06 18:10:31.488  INFO [user-service,,,] 91242 --- [    Test worker] o.s.w.s.handler.SimpleUrlHandlerMapping  : Mapped URL path [/**/favicon.ico] onto handler of type [class org.springframework.web.servlet.resource.ResourceHttpRequestHandler]
2018-11-06 18:10:31.776  INFO [user-service,,,] 91242 --- [    Test worker] s.w.s.m.m.a.RequestMappingHandlerAdapter : Looking for @ControllerAdvice: org.springframework.boot.web.servlet.context.AnnotationConfigServletWebServerApplicationContext@5be592fa: startup date [Tue Nov 06 18:10:27 SGT 2018]; parent: org.springframework.context.annotation.AnnotationConfigApplicationContext@3825f971
2018-11-06 18:10:31.863  INFO [user-service,,,] 91242 --- [    Test worker] s.w.s.m.m.a.RequestMappingHandlerMapping : Mapped "{[/user],methods=[POST]}" onto public java.lang.String com.hs.test.zipkin.UserController.saveCustomer()
2018-11-06 18:10:31.865  INFO [user-service,,,] 91242 --- [    Test worker] s.w.s.m.m.a.RequestMappingHandlerMapping : Mapped "{[/user/{id}],methods=[POST],produces=[application/json;charset=UTF-8]}" onto public java.lang.String com.hs.test.zipkin.UserController.createUser(java.lang.String)
2018-11-06 18:10:31.868  INFO [user-service,,,] 91242 --- [    Test worker] s.w.s.m.m.a.RequestMappingHandlerMapping : Mapped "{[/error]}" onto public org.springframework.http.ResponseEntity<java.util.Map<java.lang.String, java.lang.Object>> org.springframework.boot.autoconfigure.web.servlet.error.BasicErrorController.error(javax.servlet.http.HttpServletRequest)
2018-11-06 18:10:31.868  INFO [user-service,,,] 91242 --- [    Test worker] s.w.s.m.m.a.RequestMappingHandlerMapping : Mapped "{[/error],produces=[text/html]}" onto public org.springframework.web.servlet.ModelAndView org.springframework.boot.autoconfigure.web.servlet.error.BasicErrorController.errorHtml(javax.servlet.http.HttpServletRequest,javax.servlet.http.HttpServletResponse)
2018-11-06 18:10:31.926  INFO [user-service,,,] 91242 --- [    Test worker] o.s.w.s.handler.SimpleUrlHandlerMapping  : Mapped URL path [/webjars/**] onto handler of type [class org.springframework.web.servlet.resource.ResourceHttpRequestHandler]
2018-11-06 18:10:31.926  INFO [user-service,,,] 91242 --- [    Test worker] o.s.w.s.handler.SimpleUrlHandlerMapping  : Mapped URL path [/**] onto handler of type [class org.springframework.web.servlet.resource.ResourceHttpRequestHandler]
2018-11-06 18:10:33.147  INFO [user-service,,,] 91242 --- [    Test worker] o.s.c.support.DefaultLifecycleProcessor  : Starting beans in phase 0
2018-11-06 18:10:33.151  INFO [user-service,,,] 91242 --- [    Test worker] w.org.eclipse.jetty.server.Server        : jetty-9.2.z-SNAPSHOT
2018-11-06 18:10:33.171  INFO [user-service,,,] 91242 --- [    Test worker] w.o.e.j.server.handler.ContextHandler    : Started w.o.e.j.s.ServletContextHandler@21bf94e2{/__admin,null,AVAILABLE}
2018-11-06 18:10:33.172  INFO [user-service,,,] 91242 --- [    Test worker] w.o.e.j.server.handler.ContextHandler    : Started w.o.e.j.s.ServletContextHandler@4afd399{/,null,AVAILABLE}
2018-11-06 18:10:33.182  INFO [user-service,,,] 91242 --- [    Test worker] w.o.e.j.s.NetworkTrafficServerConnector  : Started NetworkTrafficServerConnector@27dbc6d7{HTTP/1.1}{0.0.0.0:9000}
2018-11-06 18:10:33.183  INFO [user-service,,,] 91242 --- [    Test worker] w.org.eclipse.jetty.server.Server        : Started @8031ms
2018-11-06 18:10:33.284  INFO [user-service,,,] 91242 --- [tp1777021314-29] /__admin                                 : RequestHandlerClass from context returned com.github.tomakehurst.wiremock.http.AdminRequestHandler. Normalized mapped under returned 'null'
2018-11-06 18:10:33.290  INFO [user-service,,,] 91242 --- [tp1777021314-29] WireMock                                 : Received request to /mappings with body 
2018-11-06 18:10:33.387  INFO [user-service,,,] 91242 --- [    Test worker] o.s.b.w.embedded.tomcat.TomcatWebServer  : Tomcat started on port(s): 53934 (http) with context path ''
2018-11-06 18:10:33.391  INFO [user-service,,,] 91242 --- [    Test worker] com.hs.test.zipkin.CustomerServiceSpec   : Started CustomerServiceSpec in 7.059 seconds (JVM running for 8.238)
2018-11-06 18:10:33.557  INFO [user-service,,,] 91242 --- [tp1777021314-30] /                                        : RequestHandlerClass from context returned com.github.tomakehurst.wiremock.http.StubRequestHandler. Normalized mapped under returned 'null'
2018-11-06 18:10:33.572  INFO [user-service,,,] 91242 --- [tp1777021314-30] WireMock                                 : Request received:
127.0.0.1 - POST /customer

Accept: [application/json;charset=UTF-8]
X-B3-SpanId: [95f298600a7a555f]
User-Agent: [Java/1.8.0_141]
Connection: [keep-alive]
X-B3-Sampled: [1]
X-B3-TraceId: [95f298600a7a555f]
Host: [localhost:9000]
Content-Length: [25]
Content-Type: [application/json;charset=UTF-8]
{"name":"harsha","age":4}


Matched response definition:
{
  "status" : 200,
  "body" : "{\"name\":\"savein\",\"age\":8}",
  "headers" : {
    "Content-Type" : "application/json"
  }
}

Response:
HTTP/1.1 200
Content-Type: [application/json]


2018-11-06 18:10:33.642  INFO [user-service,,,] 91242 --- [tp1777021314-31] WireMock                                 : Request received:
127.0.0.1 - POST /customer/300

Accept: [application/json;charset=UTF-8]
X-B3-SpanId: [bfa140353828424d]
User-Agent: [Java/1.8.0_141]
Connection: [keep-alive]
X-B3-Sampled: [1]
X-B3-TraceId: [bfa140353828424d]
Host: [localhost:9000]
Content-Type: [application/json]



Matched response definition:
{
  "status" : 200,
  "body" : "CustomerNameReponse"
}

Response:
HTTP/1.1 200
(no headers)


2018-11-06 18:10:33.656  INFO [user-service,,,] 91242 --- [    Test worker] w.o.e.j.s.NetworkTrafficServerConnector  : Stopped NetworkTrafficServerConnector@27dbc6d7{HTTP/1.1}{0.0.0.0:9000}
2018-11-06 18:10:33.658  INFO [user-service,,,] 91242 --- [    Test worker] w.o.e.j.server.handler.ContextHandler    : Stopped w.o.e.j.s.ServletContextHandler@4afd399{/,null,UNAVAILABLE}
2018-11-06 18:10:33.658  INFO [user-service,,,] 91242 --- [    Test worker] w.o.e.j.server.handler.ContextHandler    : Stopped w.o.e.j.s.ServletContextHandler@21bf94e2{/__admin,null,UNAVAILABLE}
2018-11-06 18:10:33.660  INFO [user-service,,,] 91242 --- [    Test worker] ConfigServletWebServerApplicationContext : Closing org.springframework.boot.web.servlet.context.AnnotationConfigServletWebServerApplicationContext@5be592fa: startup date [Tue Nov 06 18:10:27 SGT 2018]; parent: org.springframework.context.annotation.AnnotationConfigApplicationContext@3825f971
2018-11-06 18:10:33.663  INFO [user-service,,,] 91242 --- [    Test worker] o.s.c.support.DefaultLifecycleProcessor  : Stopping beans in phase 0
2018-11-06 18:10:33.668  INFO [user-service,,,] 91242 --- [    Test worker] s.c.a.AnnotationConfigApplicationContext : Closing FeignContext-customerClient: startup date [Tue Nov 06 18:10:30 SGT 2018]; parent: org.springframework.boot.web.servlet.context.AnnotationConfigServletWebServerApplicationContext@5be592fa
2018-11-06 18:10:34.164  INFO [user-service,,,] 91242 --- [    Test worker] o.apache.catalina.core.StandardService   : Stopping service [Tomcat]
]]></system-out>
  <system-err><![CDATA[]]></system-err>
</testsuite>
