<?xml version="1.0" encoding="UTF-8"?>
<testsuite name="com.hs.test.zipkin.Service1ApplicationTests" tests="1" skipped="0" failures="0" errors="0" timestamp="2018-11-06T10:10:36" hostname="Harshas-MBP" time="0.003">
  <properties/>
  <testcase name="contextLoads" classname="com.hs.test.zipkin.Service1ApplicationTests" time="0.003"/>
  <system-out><![CDATA[2018-11-06 18:10:34.181  INFO [user-service,,,] 91242 --- [    Test worker] .b.t.c.SpringBootTestContextBootstrapper : Neither @ContextConfiguration nor @ContextHierarchy found for test class [com.hs.test.zipkin.Service1ApplicationTests], using SpringBootContextLoader
2018-11-06 18:10:34.182  INFO [user-service,,,] 91242 --- [    Test worker] o.s.t.c.support.AbstractContextLoader    : Could not detect default resource locations for test class [com.hs.test.zipkin.Service1ApplicationTests]: no resource found for suffixes {-context.xml, Context.groovy}.
2018-11-06 18:10:34.182  INFO [user-service,,,] 91242 --- [    Test worker] t.c.s.AnnotationConfigContextLoaderUtils : Could not detect default configuration classes for test class [com.hs.test.zipkin.Service1ApplicationTests]: Service1ApplicationTests does not declare any static, non-private, non-final, nested classes annotated with @Configuration.
2018-11-06 18:10:34.184  INFO [user-service,,,] 91242 --- [    Test worker] .b.t.c.SpringBootTestContextBootstrapper : Found @SpringBootConfiguration com.hs.test.zipkin.Service1Application for test class com.hs.test.zipkin.Service1ApplicationTests
2018-11-06 18:10:34.186  INFO [user-service,,,] 91242 --- [    Test worker] .b.t.c.SpringBootTestContextBootstrapper : Loaded default TestExecutionListener class names from location [META-INF/spring.factories]: [org.springframework.cloud.contract.wiremock.WireMockTestExecutionListener, org.springframework.boot.test.autoconfigure.restdocs.RestDocsTestExecutionListener, org.springframework.boot.test.autoconfigure.web.client.MockRestServiceServerResetTestExecutionListener, org.springframework.boot.test.autoconfigure.web.servlet.MockMvcPrintOnlyOnFailureTestExecutionListener, org.springframework.boot.test.autoconfigure.web.servlet.WebDriverTestExecutionListener, org.springframework.boot.test.mock.mockito.MockitoTestExecutionListener, org.springframework.boot.test.mock.mockito.ResetMocksTestExecutionListener, org.springframework.test.context.web.ServletTestExecutionListener, org.springframework.test.context.support.DirtiesContextBeforeModesTestExecutionListener, org.springframework.test.context.support.DependencyInjectionTestExecutionListener, org.springframework.test.context.support.DirtiesContextTestExecutionListener, org.springframework.test.context.transaction.TransactionalTestExecutionListener, org.springframework.test.context.jdbc.SqlScriptsTestExecutionListener]
2018-11-06 18:10:34.188  INFO [user-service,,,] 91242 --- [    Test worker] .b.t.c.SpringBootTestContextBootstrapper : Using TestExecutionListeners: [org.springframework.test.context.web.ServletTestExecutionListener@60e63a7d, org.springframework.test.context.support.DirtiesContextBeforeModesTestExecutionListener@4971d825, org.springframework.boot.test.mock.mockito.MockitoTestExecutionListener@471afc6a, org.springframework.boot.test.autoconfigure.SpringBootDependencyInjectionTestExecutionListener@2e387a0c, org.springframework.test.context.support.DirtiesContextTestExecutionListener@7fdc8864, org.springframework.boot.test.autoconfigure.restdocs.RestDocsTestExecutionListener@382bc74a, org.springframework.boot.test.autoconfigure.web.client.MockRestServiceServerResetTestExecutionListener@28429589, org.springframework.boot.test.autoconfigure.web.servlet.MockMvcPrintOnlyOnFailureTestExecutionListener@45c77297, org.springframework.boot.test.autoconfigure.web.servlet.WebDriverTestExecutionListener@5ec35de3, org.springframework.boot.test.mock.mockito.ResetMocksTestExecutionListener@38b4d0e6, org.springframework.cloud.contract.wiremock.WireMockTestExecutionListener@4e6e4a4]
2018-11-06 18:10:34.240  INFO [zipkin-test,,,] 91242 --- [    Test worker] s.c.a.AnnotationConfigApplicationContext : Refreshing org.springframework.context.annotation.AnnotationConfigApplicationContext@597b0605: startup date [Tue Nov 06 18:10:34 SGT 2018]; root of context hierarchy
2018-11-06 18:10:34.284  INFO [zipkin-test,,,] 91242 --- [    Test worker] trationDelegate$BeanPostProcessorChecker : Bean 'configurationPropertiesRebinderAutoConfiguration' of type [org.springframework.cloud.autoconfigure.ConfigurationPropertiesRebinderAutoConfiguration$$EnhancerBySpringCGLIB$$fb7cfd27] is not eligible for getting processed by all BeanPostProcessors (for example: not eligible for auto-proxying)

  .   ____          _            __ _ _
 /\\ / ___'_ __ _ _(_)_ __  __ _ \ \ \ \
( ( )\___ | '_ | '_| | '_ \/ _` | \ \ \ \
 \\/  ___)| |_)| | | | | || (_| |  ) ) ) )
  '  |____| .__|_| |_|_| |_\__, | / / / /
 =========|_|==============|___/=/_/_/_/
 :: Spring Boot ::        (v2.0.6.RELEASE)

2018-11-06 18:10:34.352  INFO [user-service,,,] 91242 --- [    Test worker] c.h.t.zipkin.Service1ApplicationTests    : No active profile set, falling back to default profiles: default
2018-11-06 18:10:34.355  INFO [user-service,,,] 91242 --- [    Test worker] o.s.w.c.s.GenericWebApplicationContext   : Refreshing org.springframework.web.context.support.GenericWebApplicationContext@c9b963f: startup date [Tue Nov 06 18:10:34 SGT 2018]; parent: org.springframework.context.annotation.AnnotationConfigApplicationContext@597b0605
2018-11-06 18:10:34.665  INFO [user-service,,,] 91242 --- [    Test worker] o.s.cloud.context.scope.GenericScope     : BeanFactory id=e5c5b527-7d9c-30d0-ad58-88e1d22ac7de
2018-11-06 18:10:34.752  INFO [user-service,,,] 91242 --- [    Test worker] trationDelegate$BeanPostProcessorChecker : Bean 'org.springframework.cloud.autoconfigure.ConfigurationPropertiesRebinderAutoConfiguration' of type [org.springframework.cloud.autoconfigure.ConfigurationPropertiesRebinderAutoConfiguration$$EnhancerBySpringCGLIB$$fb7cfd27] is not eligible for getting processed by all BeanPostProcessors (for example: not eligible for auto-proxying)
2018-11-06 18:10:34.808  INFO [user-service,,,] 91242 --- [    Test worker] s.c.a.AnnotationConfigApplicationContext : Refreshing FeignContext-customerClient: startup date [Tue Nov 06 18:10:34 SGT 2018]; parent: org.springframework.web.context.support.GenericWebApplicationContext@c9b963f
2018-11-06 18:10:35.331  WARN [user-service,,,] 91242 --- [    Test worker] c.n.c.sources.URLConfigurationSource     : No URLs will be polled as dynamic configuration sources.
2018-11-06 18:10:35.331  INFO [user-service,,,] 91242 --- [    Test worker] c.n.c.sources.URLConfigurationSource     : To enable URLs as dynamic configuration sources, define System property archaius.configurationSource.additionalUrls or make config.properties available on classpath.
2018-11-06 18:10:35.447  INFO [user-service,,,] 91242 --- [    Test worker] o.s.w.s.handler.SimpleUrlHandlerMapping  : Mapped URL path [/**/favicon.ico] onto handler of type [class org.springframework.web.servlet.resource.ResourceHttpRequestHandler]
2018-11-06 18:10:35.629  INFO [user-service,,,] 91242 --- [    Test worker] s.w.s.m.m.a.RequestMappingHandlerAdapter : Looking for @ControllerAdvice: org.springframework.web.context.support.GenericWebApplicationContext@c9b963f: startup date [Tue Nov 06 18:10:34 SGT 2018]; parent: org.springframework.context.annotation.AnnotationConfigApplicationContext@597b0605
2018-11-06 18:10:35.655  INFO [user-service,,,] 91242 --- [    Test worker] s.w.s.m.m.a.RequestMappingHandlerMapping : Mapped "{[/user],methods=[POST]}" onto public java.lang.String com.hs.test.zipkin.UserController.saveCustomer()
2018-11-06 18:10:35.656  INFO [user-service,,,] 91242 --- [    Test worker] s.w.s.m.m.a.RequestMappingHandlerMapping : Mapped "{[/user/{id}],methods=[POST],produces=[application/json;charset=UTF-8]}" onto public java.lang.String com.hs.test.zipkin.UserController.createUser(java.lang.String)
2018-11-06 18:10:35.658  INFO [user-service,,,] 91242 --- [    Test worker] s.w.s.m.m.a.RequestMappingHandlerMapping : Mapped "{[/error]}" onto public org.springframework.http.ResponseEntity<java.util.Map<java.lang.String, java.lang.Object>> org.springframework.boot.autoconfigure.web.servlet.error.BasicErrorController.error(javax.servlet.http.HttpServletRequest)
2018-11-06 18:10:35.659  INFO [user-service,,,] 91242 --- [    Test worker] s.w.s.m.m.a.RequestMappingHandlerMapping : Mapped "{[/error],produces=[text/html]}" onto public org.springframework.web.servlet.ModelAndView org.springframework.boot.autoconfigure.web.servlet.error.BasicErrorController.errorHtml(javax.servlet.http.HttpServletRequest,javax.servlet.http.HttpServletResponse)
2018-11-06 18:10:35.697  INFO [user-service,,,] 91242 --- [    Test worker] o.s.w.s.handler.SimpleUrlHandlerMapping  : Mapped URL path [/webjars/**] onto handler of type [class org.springframework.web.servlet.resource.ResourceHttpRequestHandler]
2018-11-06 18:10:35.698  INFO [user-service,,,] 91242 --- [    Test worker] o.s.w.s.handler.SimpleUrlHandlerMapping  : Mapped URL path [/**] onto handler of type [class org.springframework.web.servlet.resource.ResourceHttpRequestHandler]
2018-11-06 18:10:36.201  INFO [user-service,,,] 91242 --- [    Test worker] c.h.t.zipkin.Service1ApplicationTests    : Started Service1ApplicationTests in 2.006 seconds (JVM running for 11.049)
]]></system-out>
  <system-err><![CDATA[]]></system-err>
</testsuite>
